TN:
SF:/home/jon/projects/projectX/src/Actor.cpp
DA:5,44
DA:19,0
DA:21,0
DA:22,0
DA:34,0
DA:36,0
DA:37,0
DA:50,0
DA:52,0
DA:65,0
DA:67,0
LF:11
LH:1
end_of_record
SF:/home/jon/projects/projectX/src/Actor.cpp
FN:5,_ZN5ActorD2Ev
FN:5,_ZN5ActorD0Ev
FN:19,_ZN5Actor7setNameENSt7__cxx1112basic_stringIcSt11char_traitsIcESaIcEEE
FN:34,_ZN5Actor5setIdEi
FN:50,_ZN5Actor5getIdEv
FN:65,_ZN5Actor7getNameB5cxx11Ev
FNDA:0,_ZN5ActorD0Ev
FNDA:22,_ZN5ActorD2Ev
FNDA:0,_ZN5Actor7setNameENSt7__cxx1112basic_stringIcSt11char_traitsIcESaIcEEE
FNDA:0,_ZN5Actor5setIdEi
FNDA:0,_ZN5Actor5getIdEv
FNDA:0,_ZN5Actor7getNameB5cxx11Ev
FNF:6
FNH:1
DA:5,44
DA:19,0
DA:21,0
DA:22,0
DA:34,0
DA:36,0
DA:37,0
DA:50,0
DA:52,0
DA:65,0
DA:67,0
LF:11
LH:1
end_of_record
TN:
SF:/home/jon/projects/projectX/src/ActorInfo.cpp
FN:18,_ZeqRK9ActorInfoS1_
FN:23,_GLOBAL__sub_I_ActorInfo.cpp
FNDA:0,_ZeqRK9ActorInfoS1_
FNDA:1,_GLOBAL__sub_I_ActorInfo.cpp
FNF:2
FNH:1
DA:18,0
DA:20,0
DA:21,0
DA:22,0
DA:23,2
LF:5
LH:1
end_of_record
TN:
SF:/home/jon/projects/projectX/src/Crate.cpp
FN:20,_ZN5CrateC2Effii
FN:37,_ZN5Crate4drawEii
FNDA:1,_ZN5CrateC2Effii
FNDA:83,_ZN5Crate4drawEii
FNF:2
FNH:2
DA:20,2
DA:22,1
DA:23,1
DA:24,1
DA:25,1
DA:26,1
DA:27,1
DA:28,1
DA:37,83
DA:39,83
DA:40,83
DA:41,83
DA:42,83
DA:43,83
DA:44,83
DA:45,83
DA:46,83
DA:47,83
DA:48,83
DA:49,83
DA:50,83
DA:51,83
DA:52,83
DA:53,83
DA:54,83
DA:55,83
LF:26
LH:26
end_of_record
SF:/home/jon/projects/projectX/src/Drawable.h
DA:32,2
LF:1
LH:1
end_of_record
TN:
SF:/home/jon/projects/projectX/src/DynamicLoader.cpp
FN:24,_Z17dynamicTankLoaderSt6vectorINSt7__cxx1112basic_stringIcSt11char_traitsIcESaIcEEESaIS5_EE
FN:60,_GLOBAL__sub_I_DynamicLoader.cpp
FNDA:1,_Z17dynamicTankLoaderSt6vectorINSt7__cxx1112basic_stringIcSt11char_traitsIcESaIcEEESaIS5_EE
FNDA:1,_GLOBAL__sub_I_DynamicLoader.cpp
FNF:2
FNH:2
DA:24,1
DA:26,1
DA:27,4
DA:28,2
DA:29,2
DA:30,34
DA:33,10
DA:34,10
DA:35,10
DA:38,10
DA:39,10
DA:41,0
DA:42,0
DA:46,10
DA:47,10
DA:49,0
DA:53,20
DA:58,1
DA:60,2
LF:19
LH:16
end_of_record
TN:
SF:/home/jon/projects/projectX/src/ActorInfo.h
FN:26,_ZN9ActorInfoaSEOS_
FN:26,_ZN9ActorInfoC2ERKS_
FN:26,_ZN9ActorInfoC2EOS_
FN:60,_ZN9ActorInfoC2Ev
FNDA:97,_ZN9ActorInfoaSEOS_
FNDA:2633,_ZN9ActorInfoC2ERKS_
FNDA:35,_ZN9ActorInfoC2EOS_
FNDA:10,_ZN9ActorInfoC2Ev
FNF:4
FNH:4
DA:26,9595
DA:59,3
DA:60,40
LF:3
LH:3
end_of_record
SF:/home/jon/projects/projectX/src/GameField.cpp
FN:140,_ZN9GameField12getTurnCountEv
FN:149,_ZN9GameField8getWidthEv
FN:159,_ZN9GameField9getHeightEv
FN:169,_ZN9GameField6getMapEv
FN:861,_ZN9GameField8addActorE9ActorInfo
FN:920,_ZN9GameField9getActorsEv
FN:929,_ZN9GameField16getActorsPointerEv
FN:940,_ZN9GameField14getActorsConstEv
FN:949,_ZN9GameField6getSFXEv
FN:958,_ZN9GameField11getSFXConstEv
FN:1018,_ZN9GameField10getMapDataEv
FN:1069,_GLOBAL__sub_I_GameField.cpp
FNDA:0,_ZN9GameFieldC2Ev
FNDA:1,_ZN9GameFieldD2Ev
FNDA:0,_ZN9GameFieldC2Eii
FNDA:0,_ZN9GameFieldC2EiiSt6vectorI9ActorInfoSaIS1_EE
FNDA:0,_ZN9GameFieldC2EiiSt6vectorI9ActorInfoSaIS1_EEi
FNDA:0,_ZN9GameFieldC2EiiSt6vectorI9ActorInfoSaIS1_EEPFv7MapDataS3_iE
FNDA:1,_ZN9GameFieldC2EiiSt6vectorI9ActorInfoSaIS1_EEPFv7MapDataS3_iEP4Game
FNDA:0,_ZN9GameFieldC2EiiSt6vectorI9ActorInfoSaIS1_EEPFv7MapDataS3_iEi
FNDA:11,_ZN9GameField12getTurnCountEv
FNDA:0,_ZN9GameField8getWidthEv
FNDA:0,_ZN9GameField9getHeightEv
FNDA:0,_ZN9GameField6getMapEv
FNDA:93,_ZN9GameField9updateMapEv
FNDA:1,_ZN9GameField10setSPECIALEi10attributes
FNDA:82,_ZN9GameField8runMovesER9ActorInfoR7MapData
FNDA:82,_ZN9GameField17checkObjectStrikeER9ActorInfo
FNDA:0,_ZN9GameField12crate_o_doomEiiR9ActorInfo
FNDA:99,_ZN9GameField17create_fog_of_warER7MapData9ActorInfo
FNDA:10,_ZN9GameField8nextTurnEv
FNDA:0,_ZN9GameField8addActorE9ActorInfo
FNDA:0,_ZN9GameField16checkForCheatersEi
FNDA:116,_ZN9GameField11addObstacleEiii
FNDA:0,_ZN9GameField14removeObstacleEii
FNDA:84,_ZN9GameField9getActorsEv
FNDA:0,_ZN9GameField16getActorsPointerEv
FNDA:11,_ZN9GameField14getActorsConstEv
FNDA:83,_ZN9GameField6getSFXEv
FNDA:0,_ZN9GameField11getSFXConstEv
FNDA:83,_ZN9GameField8clearSFXEv
FNDA:0,_ZN9GameField17findActorsByCoordEii
FNDA:10,_ZN9GameField4cullEv
FNDA:0,_ZN9GameField10getMapDataEv
FNDA:18,_ZN9GameField13actorInfoByIdEi
FNDA:6326,_ZN9GameField10obstacleAtEii
FNDA:1,_ZN9GameField9getWinnerB5cxx11Ev
FNDA:1,_GLOBAL__sub_I_GameField.cpp
FNF:36
FNH:19
DA:15,0
DA:17,0
DA:18,0
DA:19,0
DA:20,0
DA:21,0
DA:22,0
DA:23,0
DA:24,0
DA:25,0
DA:33,4
DA:35,5
DA:37,1
DA:38,1
DA:40,1
DA:47,0
DA:49,0
DA:50,0
DA:51,0
DA:52,0
DA:53,0
DA:54,0
DA:55,0
DA:56,0
DA:57,0
DA:63,0
DA:65,0
DA:66,0
DA:67,0
DA:68,0
DA:69,0
DA:70,0
DA:71,0
DA:72,0
DA:73,0
DA:74,0
DA:80,0
DA:81,0
DA:83,0
DA:84,0
DA:85,0
DA:86,0
DA:87,0
DA:88,0
DA:89,0
DA:90,0
DA:91,0
DA:92,0
DA:94,0
DA:96,0
DA:97,0
DA:98,0
DA:99,0
DA:100,0
DA:101,0
DA:102,0
DA:103,0
DA:104,0
DA:105,0
DA:107,7
DA:109,1
DA:110,1
DA:111,1
DA:112,1
DA:113,1
DA:114,4
DA:115,4
DA:116,1
DA:117,1
DA:118,1
DA:119,1
DA:121,0
DA:123,0
DA:124,0
DA:125,0
DA:126,0
DA:127,0
DA:128,0
DA:129,0
DA:130,0
DA:131,0
DA:132,0
DA:140,11
DA:142,11
DA:149,0
DA:151,0
DA:159,0
DA:161,0
DA:169,0
DA:171,0
DA:178,93
DA:181,372
DA:182,1644
DA:185,636
DA:186,1064
DA:189,93
DA:195,1
DA:197,1
DA:199,14
DA:201,10
DA:203,20
DA:204,10
DA:205,10
DA:206,10
DA:207,10
DA:208,10
DA:209,10
DA:211,10
DA:212,10
DA:213,10
DA:214,10
DA:215,10
DA:216,10
DA:218,0
DA:221,10
DA:223,0
DA:226,10
DA:228,0
DA:231,10
DA:233,0
DA:236,10
DA:238,0
DA:243,0
DA:245,0
DA:246,0
DA:249,1
DA:256,82
DA:259,82
DA:261,164
DA:266,82
DA:267,82
DA:268,82
DA:269,82
DA:270,82
DA:272,164
DA:273,82
DA:276,82
DA:277,0
DA:278,82
DA:280,5
DA:281,5
DA:282,2
DA:283,2
DA:284,0
DA:285,0
DA:286,0
DA:289,0
DA:292,16
DA:293,16
DA:294,4
DA:295,4
DA:296,1
DA:297,1
DA:298,0
DA:301,0
DA:304,24
DA:305,24
DA:306,9
DA:307,7
DA:308,1
DA:309,1
DA:310,0
DA:313,0
DA:316,20
DA:317,20
DA:318,1
DA:319,1
DA:320,0
DA:321,0
DA:322,0
DA:325,0
DA:327,3
DA:328,3
DA:329,2
DA:330,1
DA:331,1
DA:332,1
DA:333,0
DA:339,0
DA:342,1
DA:343,1
DA:344,0
DA:345,0
DA:346,0
DA:347,0
DA:348,0
DA:354,0
DA:357,3
DA:358,3
DA:359,2
DA:360,2
DA:361,1
DA:362,1
DA:363,0
DA:369,0
DA:372,10
DA:373,10
DA:374,1
DA:375,0
DA:376,0
DA:377,0
DA:378,0
DA:384,0
DA:390,82
DA:391,82
DA:392,82
DA:393,82
DA:395,2
DA:396,2
DA:398,2
DA:401,82
DA:403,1850
DA:405,1692
DA:406,483
DA:407,94
DA:408,652
DA:410,9
DA:414,0
DA:415,0
DA:416,0
DA:417,0
DA:418,0
DA:420,0
DA:422,0
DA:424,0
DA:428,0
DA:430,0
DA:431,0
DA:433,0
DA:434,0
DA:435,0
DA:436,0
DA:437,0
DA:438,0
DA:441,9
DA:444,0
DA:445,0
DA:446,0
DA:447,0
DA:449,9
DA:452,9
DA:453,9
DA:454,9
DA:455,9
DA:456,18
DA:458,27
DA:459,18
DA:460,9
DA:461,9
DA:462,9
DA:463,9
DA:469,82
DA:470,82
DA:472,36
DA:473,12
DA:474,12
DA:475,12
DA:477,82
DA:479,82
DA:480,82
DA:484,82
DA:486,82
DA:487,82
DA:490,82
DA:494,19
DA:500,5
DA:507,4
DA:510,51
DA:512,45
DA:515,2
DA:516,2
DA:518,0
DA:519,0
DA:525,2
DA:527,98
DA:529,91
DA:532,1
DA:533,1
DA:535,1
DA:536,1
DA:542,0
DA:545,0
DA:547,0
DA:550,0
DA:551,0
DA:552,0
DA:553,0
DA:563,0
DA:566,0
DA:567,0
DA:568,0
DA:569,0
DA:570,0
DA:571,0
DA:572,0
DA:573,0
DA:575,0
DA:577,0
DA:579,0
DA:581,0
DA:582,0
DA:584,0
DA:586,0
DA:587,0
DA:588,0
DA:592,0
DA:593,0
DA:595,0
DA:597,0
DA:598,0
DA:602,0
DA:603,0
DA:605,0
DA:607,0
DA:608,0
DA:609,0
DA:613,0
DA:615,0
DA:617,0
DA:620,0
DA:621,0
DA:623,0
DA:624,0
DA:625,0
DA:627,0
DA:632,0
DA:636,0
DA:644,99
DA:647,99
DA:648,19
DA:650,80
DA:651,80
DA:652,80
DA:653,80
DA:654,80
DA:655,80
DA:656,80
DA:658,160
DA:659,320
DA:660,320
DA:661,80
DA:662,240
DA:665,1476
DA:667,12682
DA:669,5992
DA:670,17976
DA:671,17976
DA:672,5992
DA:674,1762
DA:676,679
DA:678,202
DA:682,5992
DA:684,881
DA:685,52860
DA:687,49336
DA:689,1710
DA:693,12
DA:694,60
DA:696,24
DA:699,451
DA:700,17589
DA:702,15785
DA:704,840
DA:708,177
DA:709,2832
DA:711,4248
DA:717,80
DA:727,10
DA:729,10
DA:732,20
DA:733,20
DA:737,10
DA:738,10
DA:739,20
DA:742,600
DA:744,560
DA:746,9
DA:749,390
DA:751,350
DA:753,13
DA:756,160
DA:758,120
DA:760,120
DA:764,194
DA:767,116
DA:768,6
DA:769,52
DA:771,52
DA:773,361
DA:775,99
DA:776,297
DA:777,198
DA:778,99
DA:779,99
DA:780,99
DA:781,99
DA:782,99
DA:783,198
DA:784,99
DA:786,164
DA:789,17
DA:792,24
DA:793,12
DA:794,12
DA:795,12
DA:798,24
DA:801,24
DA:803,12
DA:805,12
DA:806,12
DA:807,12
DA:808,35
DA:810,0
DA:812,0
DA:813,0
DA:814,0
DA:815,0
DA:818,0
DA:822,24
DA:823,24
DA:824,12
DA:825,12
DA:826,12
DA:827,12
DA:828,12
DA:829,12
DA:830,60
DA:831,24
DA:832,12
DA:835,0
DA:838,0
DA:844,5
DA:846,0
DA:849,99
DA:853,10
DA:854,10
DA:855,10
DA:861,0
DA:863,0
DA:864,0
DA:865,0
DA:872,0
DA:874,0
DA:876,0
DA:878,0
DA:879,0
DA:880,0
DA:881,0
DA:882,0
DA:885,0
DA:896,116
DA:898,232
DA:899,116
DA:910,0
DA:912,0
DA:913,0
DA:920,84
DA:922,84
DA:929,0
DA:932,0
DA:933,0
DA:940,11
DA:942,11
DA:949,83
DA:951,83
DA:958,0
DA:960,0
DA:967,83
DA:969,166
DA:970,83
DA:976,0
DA:979,0
DA:980,0
DA:982,0
DA:983,0
DA:985,0
DA:993,10
DA:995,136
DA:997,116
DA:999,42
DA:1002,18
DA:1005,42
DA:1006,21
DA:1007,105
DA:1008,21
DA:1012,10
DA:1018,0
DA:1021,0
DA:1034,18
DA:1036,130
DA:1038,76
DA:1041,0
DA:1056,6326
DA:1058,12652
DA:1062,1
DA:1064,2
DA:1065,6
DA:1066,1
DA:1068,1
DA:1069,2
LF:500
LH:284
end_of_record
SF:/home/jon/projects/projectX/src/MapData.h
FN:21,_ZN7MapDataaSERKS_
FNDA:179,_ZN7MapDataaSERKS_
FNDA:365,_ZN7MapDataC2ERKS_
FNDA:366,_ZN7MapDataD2Ev
FNF:3
FNH:3
DA:21,2008
LF:1
LH:1
end_of_record
SF:/home/jon/projects/projectX/src/PositionData.h
FN:19,_ZN12PositionDataC2ERKS_
FNDA:193,_ZN12PositionDataC2ERKS_
FNF:1
FNH:1
DA:19,956
DA:28,184
LF:2
LH:2
end_of_record
SF:/home/jon/projects/projectX/src/attributes.h
DA:17,11
LF:1
LH:1
end_of_record
TN:
SF:/home/jon/projects/projectX/src/Drawable.h
DA:32,2
LF:1
LH:1
end_of_record
SF:/home/jon/projects/projectX/src/GameFieldDrawable.cpp
FN:16,_ZN17GameFieldDrawableC2Ev
FN:25,_ZN17GameFieldDrawable4drawEii
FNDA:1,_ZN17GameFieldDrawableC2Ev
FNDA:83,_ZN17GameFieldDrawable4drawEii
FNF:2
FNH:2
DA:16,2
DA:25,83
DA:27,83
DA:30,83
DA:31,83
DA:32,83
DA:33,83
DA:34,83
DA:35,83
DA:36,83
DA:37,83
DA:38,83
DA:39,83
DA:40,83
DA:41,83
DA:42,83
DA:43,83
DA:45,83
DA:46,83
DA:47,83
DA:48,83
DA:49,83
DA:50,83
DA:51,83
DA:52,83
DA:53,83
DA:54,83
DA:55,83
DA:56,83
DA:57,83
DA:58,83
DA:59,83
LF:32
LH:32
end_of_record
TN:
SF:/home/jon/projects/projectX/src/MapData.cpp
FN:114,_GLOBAL__sub_I_MapData.cpp
FNDA:0,_ZlsRSoRK7MapData
FNDA:0,_ZN7MapDataC2Eii
FNDA:0,_ZN7MapData8printMapESt6vectorIiSaIiEE
FNDA:1,_GLOBAL__sub_I_MapData.cpp
FNDA:1,_ZN7MapDataC2Ev
FNF:5
FNH:2
DA:6,0
DA:10,0
DA:11,0
DA:12,0
DA:14,0
DA:15,0
DA:17,0
DA:19,0
DA:20,0
DA:21,0
DA:23,0
DA:25,0
DA:26,0
DA:28,0
DA:29,0
DA:31,0
DA:33,0
DA:34,0
DA:36,0
DA:38,0
DA:40,0
DA:42,0
DA:46,0
DA:49,0
DA:50,0
DA:52,0
DA:54,0
DA:56,0
DA:58,0
DA:60,0
DA:62,0
DA:66,0
DA:69,0
DA:70,0
DA:72,0
DA:74,0
DA:76,0
DA:78,0
DA:82,0
DA:85,0
DA:86,0
DA:88,0
DA:90,0
DA:93,0
DA:96,0
DA:98,0
DA:99,0
DA:100,0
DA:101,0
DA:102,0
DA:103,0
DA:104,0
DA:105,0
DA:106,0
DA:107,0
DA:108,0
DA:111,0
DA:114,6
LF:58
LH:1
end_of_record
TN:
SF:/home/jon/projects/projectX/src/Drawable.h
DA:32,186
LF:1
LH:1
end_of_record
SF:/home/jon/projects/projectX/src/Menu.cpp
FN:25,_ZN4MenuC2EiiiiNSt7__cxx1112basic_stringIcSt11char_traitsIcESaIcEEE
FN:54,_ZN4Menu4drawEii
FN:73,_Z8drawIconffjb
FN:104,_ZN4Menu11drawTextBoxEff
FN:131,_ZN4Menu15drawPlayerStatsEv
FN:162,_Z14drawBitmapTextPcff
FN:172,_GLOBAL__sub_I_Menu.cpp
FNDA:93,_ZN4MenuC2EiiiiNSt7__cxx1112basic_stringIcSt11char_traitsIcESaIcEEE
FNDA:83,_ZN4Menu4drawEii
FNDA:472,_Z8drawIconffjb
FNDA:83,_ZN4Menu11drawTextBoxEff
FNDA:83,_ZN4Menu15drawPlayerStatsEv
FNDA:83,_Z14drawBitmapTextPcff
FNDA:1,_GLOBAL__sub_I_Menu.cpp
FNF:7
FNH:7
DA:25,186
DA:27,93
DA:28,1953
DA:29,1860
DA:33,2418
DA:35,1488
DA:36,744
DA:39,93
DA:40,93
DA:41,93
DA:42,93
DA:43,93
DA:44,93
DA:45,93
DA:54,83
DA:56,83
DA:57,83
DA:58,83
DA:60,83
DA:62,83
DA:63,83
DA:73,472
DA:75,472
DA:76,472
DA:77,472
DA:78,472
DA:79,389
DA:81,83
DA:82,472
DA:83,472
DA:84,472
DA:85,472
DA:86,472
DA:87,472
DA:88,472
DA:89,472
DA:90,472
DA:91,472
DA:92,472
DA:93,472
DA:94,472
DA:104,83
DA:106,83
DA:107,83
DA:108,83
DA:109,83
DA:110,83
DA:111,83
DA:112,83
DA:113,83
DA:114,83
DA:115,83
DA:116,83
DA:117,83
DA:118,83
DA:119,83
DA:120,83
DA:121,83
DA:122,83
DA:131,83
DA:134,83
DA:138,83
DA:141,386
DA:143,303
DA:147,255
DA:149,86
DA:152,83
DA:153,83
DA:162,83
DA:164,83
DA:166,83
DA:167,83
DA:169,747
DA:170,664
DA:171,83
DA:172,85
LF:76
LH:76
end_of_record
TN:
SF:/home/jon/projects/projectX/src/Drawable.h
DA:32,230
LF:1
LH:1
end_of_record
SF:/home/jon/projects/projectX/src/Obstacles.cpp
FN:18,_ZN9ObstaclesC2Eiffii
FN:57,_ZN9Obstacles4drawEii
FN:93,_ZN9Obstacles6regrowEi
FN:111,_ZN9Obstacles13set_destroyedEi
FN:113,_GLOBAL__sub_I_Obstacles.cpp
FNDA:115,_ZN9ObstaclesC2Eiffii
FNDA:9392,_ZN9Obstacles4drawEii
FNDA:142,_ZN9Obstacles6regrowEi
FNDA:1,_ZN9Obstacles13set_destroyedEi
FNDA:1,_GLOBAL__sub_I_Obstacles.cpp
FNF:5
FNH:5
DA:18,230
DA:26,115
DA:27,115
DA:28,115
DA:29,115
DA:30,115
DA:31,56
DA:32,56
DA:33,56
DA:34,59
DA:35,35
DA:36,35
DA:37,35
DA:38,24
DA:39,12
DA:40,12
DA:41,12
DA:42,12
DA:43,0
DA:44,0
DA:46,0
DA:48,115
DA:57,9392
DA:59,9392
DA:60,9392
DA:61,9392
DA:63,9392
DA:64,9392
DA:65,9392
DA:66,9392
DA:67,9392
DA:68,4569
DA:69,4823
DA:70,2831
DA:71,1992
DA:72,996
DA:73,996
DA:74,996
DA:75,0
DA:76,0
DA:78,9392
DA:79,9392
DA:80,9392
DA:81,9392
DA:82,9392
DA:83,9392
DA:84,9392
DA:85,9392
DA:86,9392
DA:87,9392
DA:89,9392
DA:90,9392
DA:91,9392
DA:93,142
DA:94,142
DA:99,3
DA:100,1
DA:101,0
DA:102,1
DA:103,0
DA:104,1
DA:105,0
DA:107,1
DA:111,1
DA:112,1
DA:113,3
LF:66
LH:58
end_of_record
TN:
SF:/home/jon/projects/projectX/src/Drawable.h
DA:32,14
LF:1
LH:1
end_of_record
SF:/home/jon/projects/projectX/src/Projectile.cpp
FN:20,_ZN10ProjectileC2Eiff9direction
FN:71,_ZN10Projectile4drawEii
FNDA:7,_ZN10ProjectileC2Eiff9direction
FNDA:7,_ZN10Projectile4drawEii
FNF:2
FNH:2
DA:20,14
DA:22,7
DA:23,7
DA:24,7
DA:26,7
DA:28,0
DA:29,0
DA:30,0
DA:32,0
DA:33,0
DA:34,0
DA:36,2
DA:37,2
DA:38,2
DA:40,3
DA:41,3
DA:42,3
DA:44,1
DA:45,1
DA:46,1
DA:48,0
DA:49,0
DA:50,0
DA:52,0
DA:53,0
DA:54,0
DA:56,1
DA:57,1
DA:58,1
DA:61,7
DA:62,7
DA:71,7
DA:73,7
DA:74,7
DA:75,7
DA:76,7
DA:77,7
DA:78,7
DA:79,7
DA:80,7
DA:81,7
DA:82,7
DA:83,7
DA:84,7
DA:85,7
DA:86,7
DA:87,7
DA:88,7
DA:89,7
DA:90,7
LF:50
LH:38
end_of_record
TN:
SF:/home/jon/projects/projectX/src/Actor.h
DA:15,36
LF:1
LH:1
end_of_record
SF:/home/jon/projects/projectX/src/ProjectileActor.cpp
FN:12,_ZN15ProjectileActorC2Ev
FN:24,_ZN15ProjectileActorC2E9direction
FN:32,_ZN15ProjectileActor4moveE7MapData12PositionData
FN:51,_ZN15ProjectileActor6attackE7MapData12PositionData
FN:66,_ZN15ProjectileActor12setAttributeEi10attributes
FN:77,_ZN15ProjectileActor7spendAPE7MapData12PositionData
FNDA:0,_ZN15ProjectileActorC2Ev
FNDA:12,_ZN15ProjectileActorC2E9direction
FNDA:19,_ZN15ProjectileActor4moveE7MapData12PositionData
FNDA:0,_ZN15ProjectileActor6attackE7MapData12PositionData
FNDA:0,_ZN15ProjectileActor12setAttributeEi10attributes
FNDA:19,_ZN15ProjectileActor7spendAPE7MapData12PositionData
FNF:6
FNH:3
DA:12,0
DA:14,0
DA:24,24
DA:32,19
DA:34,19
DA:51,0
DA:53,0
DA:66,0
DA:68,0
DA:69,0
DA:77,19
DA:79,19
LF:12
LH:5
end_of_record
SF:/home/jon/projects/projectX/src/ProjectileActor.h
FN:19,_ZN15ProjectileActorD0Ev
FN:19,_ZN15ProjectileActorD2Ev
FNDA:12,_ZN15ProjectileActorD0Ev
FNDA:0,_ZN15ProjectileActorD2Ev
FNF:2
FNH:1
DA:19,12
LF:1
LH:1
end_of_record
SF:/home/jon/projects/projectX/src/attributes.h
DA:17,0
LF:1
LH:0
end_of_record
TN:
SF:/home/jon/projects/projectX/src/Drawable.h
DA:32,972
LF:1
LH:1
end_of_record
SF:/home/jon/projects/projectX/src/TankDrawable.cpp
FN:21,_ZN12TankDrawableC2Eiff9direction
FN:88,_ZN12TankDrawable4drawEii
FNDA:486,_ZN12TankDrawableC2Eiff9direction
FNDA:486,_ZN12TankDrawable4drawEii
FNF:2
FNH:2
DA:21,972
DA:23,486
DA:24,486
DA:25,486
DA:32,486
DA:34,120
DA:36,120
DA:38,120
DA:39,151
DA:41,151
DA:43,151
DA:44,1
DA:46,1
DA:48,1
DA:49,81
DA:51,81
DA:53,81
DA:54,21
DA:56,21
DA:58,21
DA:59,21
DA:61,21
DA:63,21
DA:64,22
DA:66,22
DA:68,22
DA:69,69
DA:71,69
DA:73,69
DA:74,0
DA:75,0
DA:78,486
DA:79,486
DA:88,486
DA:90,486
DA:91,486
DA:92,486
DA:94,486
DA:95,486
DA:96,486
DA:97,486
DA:98,486
DA:99,486
DA:101,486
DA:102,486
DA:103,486
DA:104,486
DA:105,486
DA:106,486
DA:107,486
DA:108,486
DA:109,486
DA:110,486
DA:112,486
DA:113,486
DA:114,486
LF:56
LH:54
end_of_record
TN:
SF:/home/jon/projects/projectX/src/Texture.cpp
FN:26,_Z14LoadGLTexturesSt6vectorINSt7__cxx1112basic_stringIcSt11char_traitsIcESaIcEEESaIS5_EES7_S7_S7_S7_S7_
FN:265,_GLOBAL__sub_I_Texture.cpp
FNDA:1,_Z14LoadGLTexturesSt6vectorINSt7__cxx1112basic_stringIcSt11char_traitsIcESaIcEEESaIS5_EES7_S7_S7_S7_S7_
FNDA:1,_GLOBAL__sub_I_Texture.cpp
FNF:2
FNH:2
DA:26,1
DA:31,1
DA:32,102
DA:34,150
DA:35,60
DA:36,50
DA:42,50
DA:46,50
DA:49,1
DA:51,10
DA:53,12
DA:54,4
DA:55,4
DA:61,4
DA:64,4
DA:66,1
DA:68,8
DA:70,9
DA:71,3
DA:72,3
DA:78,3
DA:81,3
DA:83,1
DA:85,10
DA:87,12
DA:88,4
DA:89,4
DA:95,4
DA:98,4
DA:101,1
DA:103,34
DA:105,48
DA:106,16
DA:107,16
DA:113,16
DA:116,16
DA:120,1
DA:122,1
DA:128,1
DA:131,1
DA:134,4
DA:136,9
DA:137,3
DA:138,3
DA:144,3
DA:147,3
DA:151,1
DA:157,1
DA:160,1
DA:163,1
DA:169,1
DA:172,1
DA:175,1
DA:181,1
DA:184,1
DA:187,1
DA:193,1
DA:196,1
DA:198,1
DA:200,1
DA:206,1
DA:209,1
DA:210,1
DA:216,1
DA:219,1
DA:220,1
DA:226,1
DA:229,1
DA:230,1
DA:236,1
DA:239,1
DA:240,1
DA:246,1
DA:249,1
DA:250,1
DA:256,1
DA:259,1
DA:261,1
DA:262,1
DA:263,1
DA:264,1
DA:265,2
LF:82
LH:82
end_of_record
TN:
SF:/home/jon/projects/projectX/src/callbacks.cpp
FN:9,_Z7actualYi
FN:18,_Z7displayv
FN:30,_Z7reshapeii
FN:47,_Z8ticktocki
FN:55,_Z7onClosev
FN:67,_Z8keyboardhii
FN:70,_GLOBAL__sub_I_callbacks.cpp
FNDA:0,_Z7actualYi
FNDA:83,_Z7displayv
FNDA:1,_Z7reshapeii
FNDA:11,_Z8ticktocki
FNDA:1,_Z7onClosev
FNDA:0,_Z8keyboardhii
FNDA:1,_GLOBAL__sub_I_callbacks.cpp
FNF:7
FNH:5
DA:9,0
DA:11,0
DA:18,83
DA:20,166
DA:21,83
DA:30,1
DA:32,1
DA:34,1
DA:36,1
DA:38,1
DA:39,1
DA:47,11
DA:50,11
DA:52,11
DA:53,11
DA:55,1
DA:57,1
DA:58,1
DA:67,0
DA:69,0
DA:70,2
LF:21
LH:17
end_of_record
SF:/home/jon/projects/projectX/src/event.h
DA:56,83
LF:1
LH:1
end_of_record
TN:
SF:/home/jon/projects/projectX/src/ActorInfo.h
FN:26,_ZN9ActorInfoC2ERKS_
FNDA:660,_ZN9ActorInfoC2ERKS_
FNF:1
FNH:1
DA:26,3834
LF:1
LH:1
end_of_record
SF:/home/jon/projects/projectX/src/event.cpp
FN:18,_ZN5EventD0Ev
FN:18,_ZN5EventD2Ev
FN:27,_ZN9InitEventC2Eii
FN:38,_ZN9InitEvent8doActionER4Game
FN:53,_Z15updateDrawablesR4Game
FN:128,_ZN12DisplayEvent8doActionER4Game
FN:200,_ZN12ReshapeEventC2Eii
FN:211,_ZN12ReshapeEvent8doActionER4Game
FN:229,_ZN10TimerEventC2ERi
FN:246,_ZN10TimerEvent8doActionER4Game
FN:256,_ZN10CloseEventC2Ev
FN:267,_ZN10CloseEvent8doActionER4Game
FN:279,_ZN13KeyboardEventC2Ehii
FN:281,_ZN13KeyboardEvent8doActionER4Game
FN:287,_GLOBAL__sub_I_event.cpp
FNDA:0,_ZN5EventD0Ev
FNDA:97,_ZN5EventD2Ev
FNDA:1,_ZN9InitEventC2Eii
FNDA:1,_ZN9InitEvent8doActionER4Game
FNDA:83,_Z15updateDrawablesR4Game
FNDA:83,_ZN12DisplayEvent8doActionER4Game
FNDA:1,_ZN12ReshapeEventC2Eii
FNDA:1,_ZN12ReshapeEvent8doActionER4Game
FNDA:11,_ZN10TimerEventC2ERi
FNDA:11,_ZN10TimerEvent8doActionER4Game
FNDA:1,_ZN10CloseEventC2Ev
FNDA:1,_ZN10CloseEvent8doActionER4Game
FNDA:0,_ZN13KeyboardEventC2Ehii
FNDA:0,_ZN13KeyboardEvent8doActionER4Game
FNDA:1,_GLOBAL__sub_I_event.cpp
FNF:15
FNH:12
DA:18,97
DA:27,1
DA:38,1
DA:40,1
DA:41,1
DA:42,1
DA:53,83
DA:55,83
DA:56,83
DA:58,83
DA:59,166
DA:60,83
DA:62,166
DA:63,166
DA:65,1526
DA:67,597
DA:69,486
DA:70,486
DA:71,486
DA:73,166
DA:74,83
DA:78,111
DA:80,154
DA:82,63
DA:84,0
DA:87,7
DA:89,7
DA:90,7
DA:91,14
DA:96,83
DA:97,353
DA:100,42
DA:102,18
DA:103,18
DA:109,21
DA:111,12
DA:112,12
DA:114,21
DA:116,83
DA:117,83
DA:128,83
DA:130,83
DA:131,83
DA:133,83
DA:134,83
DA:138,332
DA:140,166
DA:141,83
DA:144,415
DA:146,166
DA:147,83
DA:148,83
DA:151,1894
DA:153,1152
DA:154,576
DA:157,14110
DA:159,9296
DA:160,4648
DA:161,4569
DA:164,8881
DA:166,5810
DA:167,2905
DA:168,2831
DA:170,3154
DA:172,1992
DA:173,996
DA:175,3154
DA:177,1992
DA:178,996
DA:181,202
DA:183,24
DA:184,12
DA:186,166
DA:188,83
DA:189,83
DA:191,83
DA:200,1
DA:211,1
DA:213,1
DA:214,1
DA:215,1
DA:216,1
DA:217,1
DA:218,1
DA:219,1
DA:220,1
DA:229,11
DA:231,11
DA:232,11
DA:233,11
DA:234,11
DA:246,11
DA:248,11
DA:249,11
DA:250,11
DA:256,1
DA:267,1
DA:269,1
DA:270,1
DA:279,0
DA:281,0
DA:283,0
DA:285,0
DA:287,2
LF:104
LH:99
end_of_record
SF:/home/jon/projects/projectX/src/event.h
FN:40,_ZN9InitEventD2Ev
FN:40,_ZN9InitEventD0Ev
FN:56,_ZN12DisplayEventD0Ev
FN:56,_ZN12DisplayEventD2Ev
FN:68,_ZN12ReshapeEventD0Ev
FN:68,_ZN12ReshapeEventD2Ev
FN:85,_ZN10TimerEventD2Ev
FN:85,_ZN10TimerEventD0Ev
FN:102,_ZN10CloseEventD2Ev
FN:102,_ZN10CloseEventD0Ev
FN:115,_ZN13KeyboardEventD0Ev
FN:115,_ZN13KeyboardEventD2Ev
FNDA:1,_ZN9InitEventD0Ev
FNDA:0,_ZN9InitEventD2Ev
FNDA:83,_ZN12DisplayEventD0Ev
FNDA:0,_ZN12DisplayEventD2Ev
FNDA:1,_ZN12ReshapeEventD0Ev
FNDA:0,_ZN12ReshapeEventD2Ev
FNDA:11,_ZN10TimerEventD0Ev
FNDA:0,_ZN10TimerEventD2Ev
FNDA:1,_ZN10CloseEventD0Ev
FNDA:0,_ZN10CloseEventD2Ev
FNDA:0,_ZN13KeyboardEventD0Ev
FNDA:0,_ZN13KeyboardEventD2Ev
FNF:12
FNH:5
DA:40,1
DA:56,83
DA:68,1
DA:85,11
DA:102,1
DA:115,0
LF:6
LH:5
end_of_record
TN:
SF:/home/jon/projects/projectX/src/ActorInfo.h
FN:26,_ZN9ActorInfoC2EOS_
FNDA:76,_ZN9ActorInfoC2ERKS_
FNDA:25,_ZN9ActorInfoC2EOS_
FNF:2
FNH:2
DA:26,426
DA:59,30
LF:2
LH:2
end_of_record
SF:/home/jon/projects/projectX/src/Drawable.h
DA:33,4
LF:1
LH:1
end_of_record
SF:/home/jon/projects/projectX/src/GameField.h
DA:72,1
LF:1
LH:1
end_of_record
SF:/home/jon/projects/projectX/src/attributes.h
DA:17,11
LF:1
LH:1
end_of_record
SF:/home/jon/projects/projectX/src/game.cpp
FN:18,_ZN4GameC2Ev
FN:29,_ZN4GameC2E8gameMode
FN:59,_ZN4Game20convertGLXCoordinateEi
FN:90,_ZN4Game20convertGLYCoordinateEi
FN:396,_Z14displayWrapper7MapDataSt6vectorI9ActorInfoSaIS1_EEi
FN:1061,_ZN4Game12createConfigEv
FN:1128,_ZN4Game9closeDownEv
FN:1138,_ZN4Game8earlyOutEv
FN:1141,_GLOBAL__sub_I_game.cpp
FNDA:0,_ZN4GameC2Ev
FNDA:1,_ZN4GameC2E8gameMode
FNDA:1,_ZN4GameD2Ev
FNDA:630,_ZN4Game20convertGLXCoordinateEi
FNDA:630,_ZN4Game20convertGLYCoordinateEi
FNDA:11,_ZL10isplayableRKSt6vectorI9ActorInfoSaIS0_EE
FNDA:1,_Z8gameOverSt6vectorI9ActorInfoSaIS0_EES2_
FNDA:11,_ZN4Game11executeTurnEv
FNDA:82,_Z14displayWrapper7MapDataSt6vectorI9ActorInfoSaIS1_EEi
FNDA:1,_ZN4Game13initGameStateEv
FNDA:0,_ZN4Game12createConfigEv
FNDA:1,_ZN4Game9closeDownEv
FNDA:0,_ZN4Game8earlyOutEv
FNDA:1,_GLOBAL__sub_I_game.cpp
FNF:14
FNH:11
DA:18,0
DA:29,9
DA:31,1
DA:32,1
DA:41,10
DA:43,6
DA:44,4
DA:46,1
DA:47,1
DA:59,630
DA:62,1260
DA:76,630
DA:77,630
DA:90,630
DA:98,1260
DA:99,630
DA:100,630
DA:113,11
DA:115,11
DA:117,138
DA:118,47
DA:121,11
DA:132,1
DA:136,13
DA:138,1
DA:141,1
DA:142,1
DA:143,1
DA:145,1
DA:146,1
DA:147,1
DA:148,1
DA:149,1
DA:150,1
DA:151,1
DA:152,1
DA:153,1
DA:154,1
DA:155,1
DA:156,1
DA:157,1
DA:158,1
DA:160,1
DA:162,1
DA:163,1
DA:165,1
DA:166,1
DA:167,1
DA:169,2
DA:171,9
DA:173,4
DA:174,8
DA:175,66
DA:177,31
DA:178,31
DA:180,4
DA:182,2
DA:183,2
DA:187,2
DA:188,2
DA:196,3
DA:197,0
DA:199,1
DA:200,1
DA:201,7
DA:203,3
DA:204,3
DA:207,3
DA:208,1
DA:209,17
DA:211,8
DA:212,8
DA:215,5
DA:216,1
DA:217,3
DA:219,1
DA:220,1
DA:223,5
DA:224,1
DA:225,3
DA:227,1
DA:228,1
DA:230,1
DA:231,1
DA:233,11
DA:236,9
DA:237,2
DA:239,1
DA:240,1
DA:241,1
DA:242,1
DA:243,1
DA:244,1
DA:248,14
DA:249,7
DA:250,7
DA:254,9
DA:255,65
DA:257,28
DA:258,28
DA:263,27
DA:265,9
DA:266,153
DA:268,72
DA:269,72
DA:272,45
DA:273,9
DA:274,27
DA:276,9
DA:277,9
DA:280,45
DA:281,9
DA:282,27
DA:284,9
DA:285,9
DA:288,9
DA:289,9
DA:294,0
DA:295,0
DA:296,0
DA:297,0
DA:298,0
DA:300,0
DA:301,0
DA:305,1
DA:306,1
DA:307,1
DA:309,1
DA:320,11
DA:323,11
DA:326,0
DA:327,0
DA:328,0
DA:329,0
DA:330,0
DA:332,0
DA:335,0
DA:338,0
DA:339,0
DA:341,0
DA:343,0
DA:344,0
DA:345,0
DA:348,0
DA:351,0
DA:355,0
DA:357,0
DA:360,0
DA:366,0
DA:368,0
DA:370,0
DA:374,0
DA:375,0
DA:377,11
DA:379,10
DA:383,2
DA:384,4
DA:385,1
DA:386,2
DA:387,1
DA:389,11
DA:396,82
DA:398,82
DA:399,82
DA:412,1
DA:414,1
DA:415,2
DA:416,2
DA:417,1
DA:419,1
DA:423,1
DA:425,1
DA:429,11
DA:430,1
DA:433,8
DA:434,6
DA:437,6
DA:438,4
DA:439,2
DA:440,1
DA:441,2
DA:444,1
DA:447,2
DA:449,1
DA:451,0
DA:453,1
DA:454,1
DA:456,0
DA:458,50
DA:460,49
DA:461,49
DA:463,38
DA:465,1
DA:466,1
DA:468,0
DA:469,0
DA:472,1
DA:474,0
DA:475,0
DA:478,1
DA:480,0
DA:482,0
DA:486,29
DA:488,14
DA:489,1
DA:490,13
DA:491,1
DA:492,12
DA:493,1
DA:494,14
DA:496,434
DA:498,420
DA:500,0
DA:502,420
DA:504,0
DA:508,840
DA:510,12
DA:512,24
DA:513,12
DA:514,35
DA:516,70
DA:517,35
DA:518,56
DA:520,112
DA:521,56
DA:522,12
DA:524,24
DA:525,12
DA:526,1
DA:528,2
DA:529,1
DA:534,3
DA:535,6
DA:536,3
DA:542,1
DA:544,0
DA:546,0
DA:552,37
DA:553,74
DA:554,74
DA:556,37
DA:558,20
DA:559,1
DA:560,30
DA:562,10
DA:563,30
DA:564,30
DA:566,30
DA:567,75
DA:569,220
DA:571,660
DA:573,0
DA:574,0
DA:578,10
DA:579,10
DA:580,10
DA:582,20
DA:583,10
DA:585,84
DA:587,47
DA:588,94
DA:590,47
DA:591,94
DA:592,94
DA:596,20
DA:598,4
DA:602,36
DA:604,10
DA:605,10
DA:607,27
DA:609,1
DA:610,2
DA:611,1
DA:613,0
DA:614,0
DA:616,1
DA:617,1
DA:618,1
DA:621,26
DA:623,1
DA:624,2
DA:625,1
DA:628,0
DA:630,1
DA:632,0
DA:633,0
DA:635,1
DA:637,25
DA:639,1
DA:640,2
DA:641,1
DA:643,0
DA:644,0
DA:646,1
DA:648,0
DA:649,0
DA:651,1
DA:653,24
DA:655,1
DA:656,2
DA:657,1
DA:659,0
DA:660,0
DA:662,1
DA:664,0
DA:665,0
DA:667,1
DA:668,1
DA:670,23
DA:672,0
DA:673,0
DA:674,0
DA:676,23
DA:678,1
DA:679,2
DA:680,1
DA:681,1
DA:683,132
DA:685,0
DA:686,0
DA:688,0
DA:692,0
DA:694,0
DA:696,0
DA:697,0
DA:700,0
DA:702,0
DA:704,0
DA:706,0
DA:707,0
DA:712,0
DA:714,0
DA:716,0
DA:718,0
DA:720,0
DA:722,0
DA:724,0
DA:726,0
DA:728,0
DA:730,0
DA:734,0
DA:739,22
DA:744,2
DA:746,1
DA:747,1
DA:751,1
DA:752,3
DA:753,2
DA:757,21
DA:762,4
DA:764,1
DA:765,1
DA:769,3
DA:770,9
DA:771,6
DA:775,20
DA:780,3
DA:782,1
DA:783,1
DA:787,2
DA:788,6
DA:789,4
DA:794,19
DA:799,16
DA:801,1
DA:802,1
DA:806,15
DA:807,45
DA:808,30
DA:813,18
DA:818,4
DA:820,1
DA:821,1
DA:825,3
DA:826,9
DA:827,6
DA:833,17
DA:835,2
DA:836,1
DA:838,0
DA:839,0
DA:841,1
DA:843,0
DA:844,0
DA:847,16
DA:849,2
DA:850,1
DA:852,0
DA:853,0
DA:855,1
DA:857,0
DA:858,0
DA:861,15
DA:863,2
DA:864,1
DA:866,0
DA:867,0
DA:869,1
DA:871,0
DA:872,0
DA:875,14
DA:877,2
DA:878,1
DA:880,0
DA:881,0
DA:883,1
DA:885,0
DA:886,0
DA:889,13
DA:891,2
DA:892,1
DA:894,0
DA:895,0
DA:897,1
DA:899,0
DA:900,0
DA:903,12
DA:905,2
DA:906,1
DA:908,0
DA:909,0
DA:911,1
DA:913,0
DA:914,0
DA:917,11
DA:919,2
DA:920,1
DA:922,0
DA:923,0
DA:925,1
DA:927,0
DA:928,0
DA:931,10
DA:933,0
DA:940,1
DA:941,1
DA:942,1
DA:944,1
DA:945,1
DA:946,0
DA:947,1
DA:949,1
DA:950,2
DA:952,2
DA:955,1
DA:956,1
DA:957,22
DA:959,80
DA:962,10
DA:963,20
DA:970,20
DA:971,40
DA:972,30
DA:974,1
DA:975,2
DA:976,1
DA:978,1
DA:979,24
DA:981,10
DA:983,20
DA:984,10
DA:988,1
DA:990,1
DA:991,1
DA:992,1
DA:993,1
DA:994,1
DA:995,1
DA:996,1
DA:998,1
DA:999,2
DA:1002,1
DA:1003,4
DA:1019,1
DA:1020,5
DA:1022,1
DA:1023,1
DA:1024,1
DA:1026,1
DA:1027,60
DA:1029,56
DA:1030,56
DA:1031,56
DA:1033,1
DA:1034,39
DA:1036,35
DA:1037,35
DA:1038,35
DA:1040,1
DA:1041,16
DA:1043,12
DA:1044,12
DA:1045,12
DA:1047,1
DA:1048,16
DA:1050,12
DA:1051,12
DA:1052,12
DA:1054,2
DA:1055,1
DA:1061,0
DA:1063,0
DA:1064,0
DA:1065,0
DA:1066,0
DA:1067,0
DA:1068,0
DA:1069,0
DA:1071,0
DA:1072,0
DA:1075,0
DA:1076,0
DA:1077,0
DA:1078,0
DA:1079,0
DA:1080,0
DA:1081,0
DA:1082,0
DA:1083,0
DA:1084,0
DA:1085,0
DA:1086,0
DA:1087,0
DA:1088,0
DA:1089,0
DA:1090,0
DA:1091,0
DA:1092,0
DA:1093,0
DA:1094,0
DA:1095,0
DA:1096,0
DA:1097,0
DA:1098,0
DA:1099,0
DA:1100,0
DA:1101,0
DA:1102,0
DA:1103,0
DA:1104,0
DA:1105,0
DA:1106,0
DA:1107,0
DA:1108,0
DA:1109,0
DA:1110,0
DA:1111,0
DA:1112,0
DA:1113,0
DA:1114,0
DA:1115,0
DA:1117,0
DA:1118,0
DA:1119,0
DA:1120,0
DA:1121,0
DA:1128,1
DA:1130,1
DA:1131,1
DA:1138,0
DA:1140,0
DA:1141,2
LF:562
LH:389
end_of_record
TN:
SF:/home/jon/projects/projectX/src/main.cpp
FN:56,main
FN:68,_GLOBAL__sub_I_main.cpp
FNDA:1,main
FNDA:1,_GLOBAL__sub_I_main.cpp
FNF:2
FNH:2
DA:56,1
DA:58,1
DA:61,1
DA:63,1
DA:65,1
DA:68,2
LF:6
LH:6
end_of_record
TN:
SF:/home/jon/projects/projectX/src/Drawable.h
DA:32,24
LF:1
LH:1
end_of_record
SF:/home/jon/projects/projectX/src/sfxDrawable.cpp
FN:21,_ZN11sfxDrawableC2Eff
FN:37,_ZN11sfxDrawable4drawEii
FNDA:12,_ZN11sfxDrawableC2Eff
FNDA:12,_ZN11sfxDrawable4drawEii
FNF:2
FNH:2
DA:21,24
DA:23,12
DA:24,12
DA:27,12
DA:28,12
DA:37,12
DA:39,12
DA:40,12
DA:41,12
DA:43,12
DA:44,12
DA:45,12
DA:46,12
DA:47,12
DA:48,12
DA:50,12
DA:51,12
DA:52,12
DA:53,12
DA:54,12
DA:55,12
DA:56,12
DA:57,12
DA:58,12
DA:59,12
DA:61,12
DA:62,12
DA:63,12
LF:28
LH:28
end_of_record
TN:
SF:/home/jon/projects/projectX/src/util.cpp
FN:15,_Z14utilityCentral8gameModeP5Event
FN:37,_Z10initOpenGLiPPcii8gameMode
FN:76,_GLOBAL__sub_I_util.cpp
FNDA:97,_Z14utilityCentral8gameModeP5Event
FNDA:1,_Z10initOpenGLiPPcii8gameMode
FNDA:1,_GLOBAL__sub_I_util.cpp
FNF:3
FNH:3
DA:15,97
DA:17,97
DA:19,97
DA:21,97
DA:22,97
DA:37,1
DA:39,1
DA:41,1
DA:43,1
DA:45,1
DA:47,1
DA:49,1
DA:51,1
DA:53,1
DA:55,1
DA:57,1
DA:59,1
DA:61,1
DA:63,1
DA:65,1
DA:67,1
DA:69,1
DA:71,1
DA:73,1
DA:75,1
DA:76,3
LF:26
LH:26
end_of_record
