TN:
SF:/mnt/c/Users/7442182/Desktop/School Work/projectx/src/Actor.cpp
FN:10,_ZN5ActorD2Ev
FN:10,_ZN5ActorD0Ev
FN:24,_ZN5Actor7setNameENSt7__cxx1112basic_stringIcSt11char_traitsIcESaIcEEE
FN:39,_ZN5Actor5setIdEi
FN:55,_ZN5Actor5getIdEv
FN:70,_ZN5Actor7getNameB5cxx11Ev
FNDA:0,_ZN5ActorD2Ev
FNDA:0,_ZN5ActorD0Ev
FNDA:0,_ZN5Actor7setNameENSt7__cxx1112basic_stringIcSt11char_traitsIcESaIcEEE
FNDA:0,_ZN5Actor5setIdEi
FNDA:0,_ZN5Actor5getIdEv
FNDA:0,_ZN5Actor7getNameB5cxx11Ev
FNF:6
FNH:0
DA:10,0
DA:24,0
DA:26,0
DA:27,0
DA:39,0
DA:41,0
DA:42,0
DA:55,0
DA:57,0
DA:70,0
DA:72,0
LF:11
LH:0
end_of_record
TN:
SF:/mnt/c/Users/7442182/Desktop/School Work/projectx/src/ActorInfo.cpp
FN:18,_ZeqRK9ActorInfoS1_
FN:23,_Z41__static_initialization_and_destruction_0ii
FN:23,_GLOBAL__sub_I_ActorInfo.cpp
FNDA:0,_ZeqRK9ActorInfoS1_
FNDA:0,_Z41__static_initialization_and_destruction_0ii
FNDA:0,_GLOBAL__sub_I_ActorInfo.cpp
FNF:3
FNH:0
DA:18,0
DA:20,0
DA:21,0
DA:22,0
DA:23,0
LF:5
LH:0
end_of_record
TN:
SF:/mnt/c/Users/7442182/Desktop/School Work/projectx/src/callbacks.cpp
FN:9,_Z7actualYi
FN:18,_Z7displayv
FN:30,_Z7reshapeii
FN:47,_Z8ticktocki
FN:55,_Z7onClosev
FN:67,_Z8keyboardhii
FN:70,_GLOBAL__sub_I_callbacks.cpp
FN:70,_Z41__static_initialization_and_destruction_0ii
FNDA:0,_Z7actualYi
FNDA:0,_Z7displayv
FNDA:0,_Z7reshapeii
FNDA:0,_Z8ticktocki
FNDA:0,_Z7onClosev
FNDA:0,_Z8keyboardhii
FNDA:0,_GLOBAL__sub_I_callbacks.cpp
FNDA:0,_Z41__static_initialization_and_destruction_0ii
FNF:8
FNH:0
DA:9,0
DA:11,0
DA:18,0
DA:20,0
DA:21,0
DA:30,0
DA:32,0
DA:34,0
DA:36,0
DA:38,0
DA:39,0
DA:47,0
DA:50,0
DA:52,0
DA:53,0
DA:55,0
DA:57,0
DA:58,0
DA:67,0
DA:69,0
DA:70,0
LF:21
LH:0
end_of_record
SF:/mnt/c/Users/7442182/Desktop/School Work/projectx/src/event.h
FN:27,_ZN5EventC2Ev
FN:56,_ZN12DisplayEventC2Ev
FNDA:0,_ZN5EventC2Ev
FNDA:0,_ZN12DisplayEventC2Ev
FNF:2
FNH:0
DA:27,0
DA:56,0
LF:2
LH:0
end_of_record
TN:
SF:/mnt/c/Users/7442182/Desktop/School Work/projectx/src/Crate.cpp
FN:19,_ZN5CrateC2Effii
FN:36,_ZN5Crate4drawEii
FN:54,_GLOBAL__sub_I_Crate.cpp
FN:54,_Z41__static_initialization_and_destruction_0ii
FNDA:0,_ZN5CrateC2Effii
FNDA:0,_ZN5Crate4drawEii
FNDA:0,_GLOBAL__sub_I_Crate.cpp
FNDA:0,_Z41__static_initialization_and_destruction_0ii
FNF:4
FNH:0
DA:19,0
DA:21,0
DA:22,0
DA:23,0
DA:24,0
DA:25,0
DA:26,0
DA:27,0
DA:36,0
DA:38,0
DA:39,0
DA:40,0
DA:41,0
DA:42,0
DA:43,0
DA:44,0
DA:45,0
DA:46,0
DA:47,0
DA:48,0
DA:49,0
DA:50,0
DA:51,0
DA:52,0
DA:53,0
DA:54,0
LF:26
LH:0
end_of_record
SF:/mnt/c/Users/7442182/Desktop/School Work/projectx/src/Drawable.h
FN:36,_ZN8DrawableC2Ev
FNDA:0,_ZN8DrawableC2Ev
FNF:1
FNH:0
DA:36,0
LF:1
LH:0
end_of_record
TN:
SF:/mnt/c/Users/7442182/Desktop/School Work/projectx/src/DynamicLoader.cpp
FN:24,_Z17dynamicTankLoaderSt6vectorINSt7__cxx1112basic_stringIcSt11char_traitsIcESaIcEEESaIS5_EE
FN:60,_GLOBAL__sub_I_DynamicLoader.cpp
FN:60,_Z41__static_initialization_and_destruction_0ii
FNDA:0,_Z17dynamicTankLoaderSt6vectorINSt7__cxx1112basic_stringIcSt11char_traitsIcESaIcEEESaIS5_EE
FNDA:0,_GLOBAL__sub_I_DynamicLoader.cpp
FNDA:0,_Z41__static_initialization_and_destruction_0ii
FNF:3
FNH:0
DA:24,0
DA:26,0
DA:27,0
DA:28,0
DA:29,0
DA:30,0
DA:33,0
DA:34,0
DA:35,0
DA:38,0
DA:39,0
DA:41,0
DA:42,0
DA:46,0
DA:47,0
DA:49,0
DA:53,0
DA:58,0
DA:60,0
LF:19
LH:0
end_of_record
TN:
SF:/mnt/c/Users/7442182/Desktop/School Work/projectx/src/Drawable.h
FN:37,_ZN8DrawableD2Ev
FN:70,_ZN4MenuD2Ev
FN:114,_ZN10ProjectileD2Ev
FN:136,_ZN12TankDrawableD2Ev
FNDA:0,_ZN8DrawableD2Ev
FNDA:0,_ZN4MenuD2Ev
FNDA:0,_ZN10ProjectileD2Ev
FNDA:0,_ZN12TankDrawableD2Ev
FNF:4
FNH:0
DA:37,0
DA:70,0
DA:114,0
DA:136,0
LF:4
LH:0
end_of_record
SF:/mnt/c/Users/7442182/Desktop/School Work/projectx/src/event.cpp
FN:18,_ZN5EventD2Ev
FN:18,_ZN5EventD0Ev
FN:27,_ZN9InitEventC2Eii
FN:38,_ZN9InitEvent8doActionER4Game
FN:53,_Z15updateDrawablesR4Game
FN:109,_ZN12DisplayEvent8doActionER4Game
FN:179,_ZN12ReshapeEventC2Eii
FN:190,_ZN12ReshapeEvent8doActionER4Game
FN:208,_ZN10TimerEventC2ERi
FN:225,_ZN10TimerEvent8doActionER4Game
FN:235,_ZN10CloseEventC2Ev
FN:246,_ZN10CloseEvent8doActionER4Game
FN:258,_ZN13KeyboardEventC2Ehii
FN:260,_ZN13KeyboardEvent8doActionER4Game
FN:266,_GLOBAL__sub_I_event.cpp
FN:266,_Z41__static_initialization_and_destruction_0ii
FNDA:0,_ZN5EventD2Ev
FNDA:0,_ZN5EventD0Ev
FNDA:0,_ZN9InitEventC2Eii
FNDA:0,_ZN9InitEvent8doActionER4Game
FNDA:0,_Z15updateDrawablesR4Game
FNDA:0,_ZN12DisplayEvent8doActionER4Game
FNDA:0,_ZN12ReshapeEventC2Eii
FNDA:0,_ZN12ReshapeEvent8doActionER4Game
FNDA:0,_ZN10TimerEventC2ERi
FNDA:0,_ZN10TimerEvent8doActionER4Game
FNDA:0,_ZN10CloseEventC2Ev
FNDA:0,_ZN10CloseEvent8doActionER4Game
FNDA:0,_ZN13KeyboardEventC2Ehii
FNDA:0,_ZN13KeyboardEvent8doActionER4Game
FNDA:0,_GLOBAL__sub_I_event.cpp
FNDA:0,_Z41__static_initialization_and_destruction_0ii
FNF:16
FNH:0
DA:18,0
DA:27,0
DA:38,0
DA:40,0
DA:41,0
DA:42,0
DA:53,0
DA:55,0
DA:56,0
DA:57,0
DA:58,0
DA:60,0
DA:61,0
DA:63,0
DA:64,0
DA:66,0
DA:68,0
DA:71,0
DA:72,0
DA:74,0
DA:75,0
DA:77,0
DA:79,0
DA:81,0
DA:82,0
DA:83,0
DA:85,0
DA:87,0
DA:88,0
DA:89,0
DA:93,0
DA:95,0
DA:96,0
DA:98,0
DA:109,0
DA:111,0
DA:112,0
DA:115,0
DA:117,0
DA:118,0
DA:120,0
DA:122,0
DA:125,0
DA:127,0
DA:130,0
DA:132,0
DA:133,0
DA:136,0
DA:138,0
DA:141,0
DA:143,0
DA:144,0
DA:147,0
DA:149,0
DA:150,0
DA:152,0
DA:154,0
DA:157,0
DA:159,0
DA:161,0
DA:162,0
DA:164,0
DA:165,0
DA:167,0
DA:170,0
DA:179,0
DA:190,0
DA:192,0
DA:193,0
DA:194,0
DA:195,0
DA:196,0
DA:197,0
DA:198,0
DA:199,0
DA:208,0
DA:210,0
DA:211,0
DA:212,0
DA:213,0
DA:225,0
DA:227,0
DA:228,0
DA:229,0
DA:235,0
DA:246,0
DA:248,0
DA:249,0
DA:258,0
DA:260,0
DA:262,0
DA:264,0
DA:266,0
LF:93
LH:0
end_of_record
SF:/mnt/c/Users/7442182/Desktop/School Work/projectx/src/event.h
FN:27,_ZN5EventC2Ev
FN:40,_ZN9InitEventD2Ev
FN:40,_ZN9InitEventD0Ev
FN:56,_ZN12DisplayEventD0Ev
FN:56,_ZN12DisplayEventD2Ev
FN:69,_ZN12ReshapeEventD0Ev
FN:69,_ZN12ReshapeEventD2Ev
FN:86,_ZN10TimerEventD0Ev
FN:86,_ZN10TimerEventD2Ev
FN:103,_ZN10CloseEventD2Ev
FN:103,_ZN10CloseEventD0Ev
FN:116,_ZN13KeyboardEventD0Ev
FN:116,_ZN13KeyboardEventD2Ev
FNDA:0,_ZN5EventC2Ev
FNDA:0,_ZN9InitEventD2Ev
FNDA:0,_ZN9InitEventD0Ev
FNDA:0,_ZN12DisplayEventD0Ev
FNDA:0,_ZN12DisplayEventD2Ev
FNDA:0,_ZN12ReshapeEventD0Ev
FNDA:0,_ZN12ReshapeEventD2Ev
FNDA:0,_ZN10TimerEventD0Ev
FNDA:0,_ZN10TimerEventD2Ev
FNDA:0,_ZN10CloseEventD2Ev
FNDA:0,_ZN10CloseEventD0Ev
FNDA:0,_ZN13KeyboardEventD0Ev
FNDA:0,_ZN13KeyboardEventD2Ev
FNF:13
FNH:0
DA:27,0
DA:40,0
DA:56,0
DA:69,0
DA:86,0
DA:103,0
DA:116,0
LF:7
LH:0
end_of_record
SF:/mnt/c/Users/7442182/Desktop/School Work/projectx/src/game.h
FN:62,_ZN4Game4getXEv
FN:63,_ZN4Game4getYEv
FN:65,_ZN4Game10getAISpeedEv
FNDA:0,_ZN4Game4getXEv
FNDA:0,_ZN4Game4getYEv
FNDA:0,_ZN4Game10getAISpeedEv
FNF:3
FNH:0
DA:62,0
DA:63,0
DA:65,0
LF:3
LH:0
end_of_record
TN:
SF:/mnt/c/Users/7442182/Desktop/School Work/projectx/src/ActorInfo.h
FN:26,_ZN9ActorInfoD2Ev
FN:26,_ZN9ActorInfoC2ERKS_
FN:26,_ZN9ActorInfoC2EOS_
FN:56,_ZN9ActorInfoC2EP5ActoriiiiiiiiiiNSt7__cxx1112basic_stringIcSt11char_traitsIcESaIcEEE
FNDA:0,_ZN9ActorInfoD2Ev
FNDA:0,_ZN9ActorInfoC2ERKS_
FNDA:0,_ZN9ActorInfoC2EOS_
FNDA:0,_ZN9ActorInfoC2EP5ActoriiiiiiiiiiNSt7__cxx1112basic_stringIcSt11char_traitsIcESaIcEEE
FNF:4
FNH:0
DA:26,0
DA:56,0
DA:68,0
LF:3
LH:0
end_of_record
SF:/mnt/c/Users/7442182/Desktop/School Work/projectx/src/Drawable.h
FN:37,_ZN8DrawableD2Ev
FNDA:0,_ZN8DrawableD2Ev
FNF:1
FNH:0
DA:37,0
LF:1
LH:0
end_of_record
SF:/mnt/c/Users/7442182/Desktop/School Work/projectx/src/GameField.h
FN:79,_ZN9GameField11getDeceasedEv
FNDA:0,_ZN9GameField11getDeceasedEv
FNF:1
FNH:0
DA:79,0
LF:1
LH:0
end_of_record
SF:/mnt/c/Users/7442182/Desktop/School Work/projectx/src/attributes.h
FN:21,_ZN10attributesC2Eiiiiiii
FNDA:0,_ZN10attributesC2Eiiiiiii
FNF:1
FNH:0
DA:21,0
DA:22,0
LF:2
LH:0
end_of_record
SF:/mnt/c/Users/7442182/Desktop/School Work/projectx/src/game.cpp
FN:18,_ZN4GameC2Ev
FN:29,_ZN4GameC2E8gameMode
FN:42,_ZN4GameD2Ev
FN:60,_ZN4Game20convertGLXCoordinateEi
FN:78,_ZN4Game20convertGLYCoordinateEi
FN:95,_ZL10isplayableRKSt6vectorI9ActorInfoSaIS0_EE
FN:114,_ZN4Game8gameOverESt6vectorI9ActorInfoSaIS1_EES3_
FN:348,_ZN4Game11executeTurnEv
FN:421,_Z14displayWrapper7MapDataSt6vectorI9ActorInfoSaIS1_EEi
FN:438,_ZN4Game13initGameStateEv
FN:1251,_ZN4Game12createConfigEv
FN:1328,_ZN4Game9closeDownEv
FN:1338,_ZN4Game8earlyOutEv
FN:1341,_GLOBAL__sub_I_game.cpp
FN:1341,_Z41__static_initialization_and_destruction_0ii
FNDA:0,_ZN4GameC2Ev
FNDA:0,_ZN4GameC2E8gameMode
FNDA:0,_ZN4GameD2Ev
FNDA:0,_ZN4Game20convertGLXCoordinateEi
FNDA:0,_ZN4Game20convertGLYCoordinateEi
FNDA:0,_ZL10isplayableRKSt6vectorI9ActorInfoSaIS0_EE
FNDA:0,_ZN4Game8gameOverESt6vectorI9ActorInfoSaIS1_EES3_
FNDA:0,_ZN4Game11executeTurnEv
FNDA:0,_Z14displayWrapper7MapDataSt6vectorI9ActorInfoSaIS1_EEi
FNDA:0,_ZN4Game13initGameStateEv
FNDA:0,_ZN4Game12createConfigEv
FNDA:0,_ZN4Game9closeDownEv
FNDA:0,_ZN4Game8earlyOutEv
FNDA:0,_GLOBAL__sub_I_game.cpp
FNDA:0,_Z41__static_initialization_and_destruction_0ii
FNF:15
FNH:0
DA:18,0
DA:29,0
DA:31,0
DA:32,0
DA:33,0
DA:42,0
DA:46,0
DA:47,0
DA:48,0
DA:60,0
DA:63,0
DA:64,0
DA:65,0
DA:78,0
DA:80,0
DA:81,0
DA:82,0
DA:95,0
DA:97,0
DA:99,0
DA:100,0
DA:103,0
DA:114,0
DA:118,0
DA:120,0
DA:122,0
DA:123,0
DA:124,0
DA:126,0
DA:127,0
DA:128,0
DA:129,0
DA:130,0
DA:131,0
DA:132,0
DA:133,0
DA:134,0
DA:135,0
DA:136,0
DA:137,0
DA:138,0
DA:139,0
DA:141,0
DA:143,0
DA:145,0
DA:146,0
DA:148,0
DA:149,0
DA:150,0
DA:152,0
DA:154,0
DA:156,0
DA:157,0
DA:158,0
DA:160,0
DA:161,0
DA:163,0
DA:165,0
DA:166,0
DA:170,0
DA:171,0
DA:175,0
DA:176,0
DA:177,0
DA:179,0
DA:180,0
DA:182,0
DA:183,0
DA:184,0
DA:186,0
DA:187,0
DA:190,0
DA:191,0
DA:192,0
DA:194,0
DA:195,0
DA:198,0
DA:199,0
DA:200,0
DA:202,0
DA:203,0
DA:206,0
DA:207,0
DA:208,0
DA:210,0
DA:211,0
DA:213,0
DA:214,0
DA:215,0
DA:216,0
DA:217,0
DA:218,0
DA:219,0
DA:220,0
DA:221,0
DA:222,0
DA:223,0
DA:224,0
DA:225,0
DA:226,0
DA:227,0
DA:228,0
DA:229,0
DA:232,0
DA:233,0
DA:235,0
DA:236,0
DA:237,0
DA:238,0
DA:239,0
DA:240,0
DA:244,0
DA:245,0
DA:246,0
DA:250,0
DA:251,0
DA:253,0
DA:254,0
DA:259,0
DA:261,0
DA:262,0
DA:264,0
DA:265,0
DA:268,0
DA:269,0
DA:270,0
DA:272,0
DA:273,0
DA:276,0
DA:277,0
DA:278,0
DA:280,0
DA:281,0
DA:284,0
DA:285,0
DA:286,0
DA:287,0
DA:288,0
DA:289,0
DA:290,0
DA:291,0
DA:292,0
DA:293,0
DA:294,0
DA:295,0
DA:296,0
DA:297,0
DA:302,0
DA:303,0
DA:304,0
DA:305,0
DA:306,0
DA:308,0
DA:309,0
DA:311,0
DA:312,0
DA:313,0
DA:315,0
DA:316,0
DA:317,0
DA:318,0
DA:319,0
DA:320,0
DA:321,0
DA:322,0
DA:323,0
DA:324,0
DA:325,0
DA:326,0
DA:330,0
DA:331,0
DA:333,0
DA:334,0
DA:335,0
DA:336,0
DA:337,0
DA:348,0
DA:351,0
DA:354,0
DA:355,0
DA:356,0
DA:357,0
DA:358,0
DA:360,0
DA:363,0
DA:366,0
DA:367,0
DA:369,0
DA:371,0
DA:372,0
DA:373,0
DA:376,0
DA:379,0
DA:383,0
DA:385,0
DA:388,0
DA:392,0
DA:394,0
DA:396,0
DA:398,0
DA:402,0
DA:403,0
DA:405,0
DA:407,0
DA:411,0
DA:412,0
DA:414,0
DA:421,0
DA:423,0
DA:424,0
DA:438,0
DA:441,0
DA:442,0
DA:443,0
DA:444,0
DA:445,0
DA:447,0
DA:451,0
DA:453,0
DA:457,0
DA:458,0
DA:461,0
DA:462,0
DA:465,0
DA:466,0
DA:467,0
DA:468,0
DA:469,0
DA:472,0
DA:475,0
DA:477,0
DA:479,0
DA:481,0
DA:482,0
DA:484,0
DA:486,0
DA:488,0
DA:489,0
DA:491,0
DA:493,0
DA:494,0
DA:495,0
DA:497,0
DA:498,0
DA:501,0
DA:503,0
DA:504,0
DA:507,0
DA:509,0
DA:511,0
DA:515,0
DA:517,0
DA:518,0
DA:519,0
DA:520,0
DA:521,0
DA:522,0
DA:523,0
DA:524,0
DA:525,0
DA:527,0
DA:529,0
DA:531,0
DA:533,0
DA:535,0
DA:537,0
DA:541,0
DA:543,0
DA:545,0
DA:546,0
DA:547,0
DA:549,0
DA:550,0
DA:551,0
DA:553,0
DA:554,0
DA:555,0
DA:557,0
DA:558,0
DA:559,0
DA:561,0
DA:562,0
DA:563,0
DA:566,0
DA:567,0
DA:568,0
DA:569,0
DA:573,0
DA:575,0
DA:576,0
DA:578,0
DA:580,0
DA:582,0
DA:587,0
DA:588,0
DA:589,0
DA:591,0
DA:593,0
DA:594,0
DA:595,0
DA:596,0
DA:597,0
DA:599,0
DA:600,0
DA:601,0
DA:603,0
DA:604,0
DA:606,0
DA:608,0
DA:610,0
DA:611,0
DA:615,0
DA:616,0
DA:617,0
DA:618,0
DA:620,0
DA:621,0
DA:622,0
DA:624,0
DA:626,0
DA:627,0
DA:629,0
DA:630,0
DA:631,0
DA:632,0
DA:635,0
DA:637,0
DA:641,0
DA:643,0
DA:644,0
DA:645,0
DA:647,0
DA:649,0
DA:650,0
DA:651,0
DA:652,0
DA:654,0
DA:655,0
DA:656,0
DA:657,0
DA:658,0
DA:659,0
DA:660,0
DA:662,0
DA:663,0
DA:664,0
DA:665,0
DA:667,0
DA:669,0
DA:670,0
DA:671,0
DA:672,0
DA:674,0
DA:675,0
DA:676,0
DA:677,0
DA:678,0
DA:679,0
DA:680,0
DA:682,0
DA:683,0
DA:685,0
DA:687,0
DA:688,0
DA:689,0
DA:690,0
DA:692,0
DA:693,0
DA:694,0
DA:695,0
DA:696,0
DA:697,0
DA:698,0
DA:700,0
DA:701,0
DA:703,0
DA:705,0
DA:706,0
DA:708,0
DA:709,0
DA:711,0
DA:712,0
DA:713,0
DA:714,0
DA:715,0
DA:716,0
DA:717,0
DA:719,0
DA:720,0
DA:723,0
DA:725,0
DA:726,0
DA:727,0
DA:728,0
DA:730,0
DA:731,0
DA:732,0
DA:734,0
DA:736,0
DA:737,0
DA:738,0
DA:740,0
DA:741,0
DA:743,0
DA:745,0
DA:746,0
DA:747,0
DA:748,0
DA:750,0
DA:751,0
DA:752,0
DA:754,0
DA:756,0
DA:757,0
DA:758,0
DA:760,0
DA:761,0
DA:763,0
DA:765,0
DA:766,0
DA:767,0
DA:768,0
DA:770,0
DA:771,0
DA:772,0
DA:774,0
DA:776,0
DA:777,0
DA:778,0
DA:780,0
DA:781,0
DA:782,0
DA:784,0
DA:786,0
DA:787,0
DA:788,0
DA:789,0
DA:790,0
DA:792,0
DA:794,0
DA:795,0
DA:796,0
DA:797,0
DA:798,0
DA:799,0
DA:801,0
DA:803,0
DA:804,0
DA:806,0
DA:807,0
DA:811,0
DA:813,0
DA:815,0
DA:816,0
DA:817,0
DA:820,0
DA:822,0
DA:824,0
DA:826,0
DA:827,0
DA:828,0
DA:833,0
DA:835,0
DA:837,0
DA:839,0
DA:841,0
DA:843,0
DA:845,0
DA:847,0
DA:849,0
DA:851,0
DA:855,0
DA:857,0
DA:860,0
DA:862,0
DA:863,0
DA:865,0
DA:867,0
DA:868,0
DA:872,0
DA:873,0
DA:874,0
DA:878,0
DA:880,0
DA:881,0
DA:883,0
DA:885,0
DA:886,0
DA:890,0
DA:891,0
DA:892,0
DA:896,0
DA:898,0
DA:899,0
DA:901,0
DA:903,0
DA:904,0
DA:908,0
DA:909,0
DA:910,0
DA:915,0
DA:917,0
DA:918,0
DA:920,0
DA:922,0
DA:923,0
DA:927,0
DA:928,0
DA:929,0
DA:934,0
DA:936,0
DA:937,0
DA:939,0
DA:941,0
DA:942,0
DA:946,0
DA:947,0
DA:948,0
DA:954,0
DA:956,0
DA:963,0
DA:965,0
DA:966,0
DA:967,0
DA:970,0
DA:972,0
DA:979,0
DA:981,0
DA:982,0
DA:983,0
DA:986,0
DA:988,0
DA:995,0
DA:997,0
DA:998,0
DA:999,0
DA:1002,0
DA:1004,0
DA:1011,0
DA:1013,0
DA:1014,0
DA:1015,0
DA:1018,0
DA:1020,0
DA:1027,0
DA:1029,0
DA:1030,0
DA:1031,0
DA:1034,0
DA:1036,0
DA:1037,0
DA:1039,0
DA:1040,0
DA:1041,0
DA:1043,0
DA:1045,0
DA:1046,0
DA:1047,0
DA:1050,0
DA:1052,0
DA:1059,0
DA:1061,0
DA:1062,0
DA:1063,0
DA:1066,0
DA:1068,0
DA:1069,0
DA:1076,0
DA:1077,0
DA:1079,0
DA:1080,0
DA:1082,0
DA:1083,0
DA:1084,0
DA:1085,0
DA:1086,0
DA:1088,0
DA:1089,0
DA:1090,0
DA:1092,0
DA:1094,0
DA:1095,0
DA:1096,0
DA:1098,0
DA:1099,0
DA:1100,0
DA:1101,0
DA:1102,0
DA:1105,0
DA:1106,0
DA:1107,0
DA:1113,0
DA:1116,0
DA:1117,0
DA:1120,0
DA:1121,0
DA:1123,0
DA:1124,0
DA:1125,0
DA:1126,0
DA:1127,0
DA:1128,0
DA:1129,0
DA:1131,0
DA:1132,0
DA:1133,0
DA:1136,0
DA:1137,0
DA:1138,0
DA:1140,0
DA:1141,0
DA:1143,0
DA:1144,0
DA:1145,0
DA:1146,0
DA:1150,0
DA:1152,0
DA:1153,0
DA:1154,0
DA:1157,0
DA:1158,0
DA:1159,0
DA:1161,0
DA:1162,0
DA:1164,0
DA:1165,0
DA:1166,0
DA:1167,0
DA:1171,0
DA:1173,0
DA:1174,0
DA:1175,0
DA:1178,0
DA:1179,0
DA:1180,0
DA:1182,0
DA:1183,0
DA:1184,0
DA:1186,0
DA:1187,0
DA:1188,0
DA:1190,0
DA:1191,0
DA:1193,0
DA:1194,0
DA:1195,0
DA:1196,0
DA:1200,0
DA:1202,0
DA:1203,0
DA:1204,0
DA:1207,0
DA:1208,0
DA:1209,0
DA:1211,0
DA:1212,0
DA:1213,0
DA:1215,0
DA:1216,0
DA:1217,0
DA:1219,0
DA:1220,0
DA:1222,0
DA:1223,0
DA:1224,0
DA:1228,0
DA:1230,0
DA:1231,0
DA:1232,0
DA:1235,0
DA:1236,0
DA:1237,0
DA:1238,0
DA:1239,0
DA:1240,0
DA:1241,0
DA:1242,0
DA:1244,0
DA:1251,0
DA:1253,0
DA:1254,0
DA:1255,0
DA:1256,0
DA:1257,0
DA:1258,0
DA:1259,0
DA:1261,0
DA:1262,0
DA:1265,0
DA:1266,0
DA:1267,0
DA:1268,0
DA:1269,0
DA:1270,0
DA:1271,0
DA:1272,0
DA:1273,0
DA:1274,0
DA:1275,0
DA:1276,0
DA:1277,0
DA:1278,0
DA:1279,0
DA:1280,0
DA:1281,0
DA:1282,0
DA:1283,0
DA:1284,0
DA:1285,0
DA:1286,0
DA:1287,0
DA:1288,0
DA:1289,0
DA:1290,0
DA:1291,0
DA:1292,0
DA:1293,0
DA:1294,0
DA:1295,0
DA:1296,0
DA:1297,0
DA:1298,0
DA:1299,0
DA:1300,0
DA:1301,0
DA:1302,0
DA:1303,0
DA:1304,0
DA:1305,0
DA:1306,0
DA:1307,0
DA:1308,0
DA:1309,0
DA:1310,0
DA:1311,0
DA:1312,0
DA:1313,0
DA:1314,0
DA:1315,0
DA:1317,0
DA:1318,0
DA:1319,0
DA:1320,0
DA:1321,0
DA:1328,0
DA:1330,0
DA:1331,0
DA:1338,0
DA:1340,0
DA:1341,0
LF:750
LH:0
end_of_record
TN:
SF:/mnt/c/Users/7442182/Desktop/School Work/projectx/src/ActorInfo.h
FN:26,_ZN9ActorInfoD2Ev
FN:26,_ZN9ActorInfoC2ERKS_
FN:26,_ZN9ActorInfoaSEOS_
FN:26,_ZN9ActorInfoC2EOS_
FN:56,_ZN9ActorInfoC2EP5ActoriiiiiiiiiiNSt7__cxx1112basic_stringIcSt11char_traitsIcESaIcEEE
FN:69,_ZN9ActorInfoC2Ev
FNDA:0,_ZN9ActorInfoD2Ev
FNDA:0,_ZN9ActorInfoC2ERKS_
FNDA:0,_ZN9ActorInfoaSEOS_
FNDA:0,_ZN9ActorInfoC2EOS_
FNDA:0,_ZN9ActorInfoC2EP5ActoriiiiiiiiiiNSt7__cxx1112basic_stringIcSt11char_traitsIcESaIcEEE
FNDA:0,_ZN9ActorInfoC2Ev
FNF:6
FNH:0
DA:26,0
DA:56,0
DA:68,0
DA:69,0
LF:4
LH:0
end_of_record
SF:/mnt/c/Users/7442182/Desktop/School Work/projectx/src/GameField.cpp
FN:17,_ZN9GameFieldD2Ev
FN:31,_ZN9GameFieldC2Eii
FN:48,_ZN9GameFieldC2EiiSt6vectorI9ActorInfoSaIS1_EEPFv7MapDataS3_iEP4Game
FN:70,_ZN9GameField12getTurnCountEv
FN:79,_ZN9GameField8getWidthEv
FN:89,_ZN9GameField9getHeightEv
FN:99,_ZN9GameField6getMapEv
FN:108,_ZN9GameField9updateMapEv
FN:125,_ZN9GameField10setSPECIALEi10attributes
FN:199,_ZN9GameField11animateMoveER9ActorInfo
FN:362,_ZN9GameField8runMovesER9ActorInfoR7MapDataR12PositionData
FN:605,_ZN9GameField11checkHealthER9ActorInfob
FN:636,_ZN9GameField17checkObjectStrikeER9ActorInfo
FN:736,_ZN9GameField12crate_o_doomEiiR9ActorInfo
FN:821,_ZN9GameField17create_fog_of_warER7MapData9ActorInfo
FN:906,_ZN9GameField19checkObjectRegrowthEv
FN:946,_ZN9GameField8nextTurnEv
FN:1076,_ZN9GameField8addActorE9ActorInfo
FN:1087,_ZN9GameField16checkForCheatersEi
FN:1111,_ZN9GameField11addObstacleEiii
FN:1125,_ZN9GameField14removeObstacleEii
FN:1135,_ZN9GameField9getActorsEv
FN:1144,_ZN9GameField16getActorsPointerEv
FN:1155,_ZN9GameField14getActorsConstEv
FN:1164,_ZN9GameField6getSFXEv
FN:1173,_ZN9GameField13getSFXPointerEv
FN:1184,_ZN9GameField11getSFXConstEv
FN:1193,_ZN9GameField8clearSFXEv
FN:1202,_ZN9GameField17findActorsByCoordEii
FN:1219,_ZN9GameField4cullEv
FN:1244,_ZN9GameField10getMapDataEv
FN:1260,_ZN9GameField13actorInfoByIdEi
FN:1282,_ZN9GameField10obstacleAtEii
FN:1288,_ZN9GameField9getWinnerB5cxx11Ev
FN:1295,_GLOBAL__sub_I_GameField.cpp
FN:1295,_Z41__static_initialization_and_destruction_0ii
FNDA:0,_ZN9GameFieldD2Ev
FNDA:0,_ZN9GameFieldC2Eii
FNDA:0,_ZN9GameFieldC2EiiSt6vectorI9ActorInfoSaIS1_EEPFv7MapDataS3_iEP4Game
FNDA:0,_ZN9GameField12getTurnCountEv
FNDA:0,_ZN9GameField8getWidthEv
FNDA:0,_ZN9GameField9getHeightEv
FNDA:0,_ZN9GameField6getMapEv
FNDA:0,_ZN9GameField9updateMapEv
FNDA:0,_ZN9GameField10setSPECIALEi10attributes
FNDA:0,_ZN9GameField11animateMoveER9ActorInfo
FNDA:0,_ZN9GameField8runMovesER9ActorInfoR7MapDataR12PositionData
FNDA:0,_ZN9GameField11checkHealthER9ActorInfob
FNDA:0,_ZN9GameField17checkObjectStrikeER9ActorInfo
FNDA:0,_ZN9GameField12crate_o_doomEiiR9ActorInfo
FNDA:0,_ZN9GameField17create_fog_of_warER7MapData9ActorInfo
FNDA:0,_ZN9GameField19checkObjectRegrowthEv
FNDA:0,_ZN9GameField8nextTurnEv
FNDA:0,_ZN9GameField8addActorE9ActorInfo
FNDA:0,_ZN9GameField16checkForCheatersEi
FNDA:0,_ZN9GameField11addObstacleEiii
FNDA:0,_ZN9GameField14removeObstacleEii
FNDA:0,_ZN9GameField9getActorsEv
FNDA:0,_ZN9GameField16getActorsPointerEv
FNDA:0,_ZN9GameField14getActorsConstEv
FNDA:0,_ZN9GameField6getSFXEv
FNDA:0,_ZN9GameField13getSFXPointerEv
FNDA:0,_ZN9GameField11getSFXConstEv
FNDA:0,_ZN9GameField8clearSFXEv
FNDA:0,_ZN9GameField17findActorsByCoordEii
FNDA:0,_ZN9GameField4cullEv
FNDA:0,_ZN9GameField10getMapDataEv
FNDA:0,_ZN9GameField13actorInfoByIdEi
FNDA:0,_ZN9GameField10obstacleAtEii
FNDA:0,_ZN9GameField9getWinnerB5cxx11Ev
FNDA:0,_GLOBAL__sub_I_GameField.cpp
FNDA:0,_Z41__static_initialization_and_destruction_0ii
FNF:36
FNH:0
DA:17,0
DA:19,0
DA:21,0
DA:22,0
DA:24,0
DA:31,0
DA:33,0
DA:34,0
DA:35,0
DA:36,0
DA:37,0
DA:38,0
DA:39,0
DA:40,0
DA:41,0
DA:48,0
DA:50,0
DA:51,0
DA:52,0
DA:53,0
DA:54,0
DA:55,0
DA:56,0
DA:57,0
DA:58,0
DA:59,0
DA:60,0
DA:61,0
DA:62,0
DA:70,0
DA:72,0
DA:79,0
DA:81,0
DA:89,0
DA:91,0
DA:99,0
DA:101,0
DA:108,0
DA:111,0
DA:112,0
DA:115,0
DA:116,0
DA:119,0
DA:125,0
DA:127,0
DA:129,0
DA:131,0
DA:133,0
DA:134,0
DA:135,0
DA:136,0
DA:137,0
DA:138,0
DA:139,0
DA:141,0
DA:142,0
DA:143,0
DA:144,0
DA:145,0
DA:146,0
DA:147,0
DA:149,0
DA:150,0
DA:152,0
DA:154,0
DA:155,0
DA:157,0
DA:159,0
DA:160,0
DA:162,0
DA:164,0
DA:165,0
DA:167,0
DA:169,0
DA:170,0
DA:172,0
DA:174,0
DA:175,0
DA:179,0
DA:181,0
DA:182,0
DA:183,0
DA:185,0
DA:199,0
DA:201,0
DA:202,0
DA:203,0
DA:204,0
DA:205,0
DA:206,0
DA:207,0
DA:210,0
DA:211,0
DA:213,0
DA:214,0
DA:216,0
DA:218,0
DA:220,0
DA:221,0
DA:222,0
DA:223,0
DA:224,0
DA:226,0
DA:228,0
DA:229,0
DA:230,0
DA:232,0
DA:233,0
DA:234,0
DA:235,0
DA:236,0
DA:237,0
DA:238,0
DA:240,0
DA:241,0
DA:242,0
DA:244,0
DA:246,0
DA:247,0
DA:248,0
DA:249,0
DA:250,0
DA:251,0
DA:253,0
DA:254,0
DA:255,0
DA:257,0
DA:259,0
DA:260,0
DA:261,0
DA:262,0
DA:263,0
DA:264,0
DA:266,0
DA:267,0
DA:268,0
DA:270,0
DA:271,0
DA:272,0
DA:273,0
DA:274,0
DA:275,0
DA:276,0
DA:277,0
DA:278,0
DA:279,0
DA:280,0
DA:282,0
DA:283,0
DA:284,0
DA:285,0
DA:287,0
DA:289,0
DA:290,0
DA:291,0
DA:292,0
DA:293,0
DA:294,0
DA:295,0
DA:296,0
DA:297,0
DA:298,0
DA:300,0
DA:301,0
DA:302,0
DA:303,0
DA:305,0
DA:307,0
DA:308,0
DA:309,0
DA:310,0
DA:311,0
DA:312,0
DA:313,0
DA:314,0
DA:315,0
DA:316,0
DA:318,0
DA:319,0
DA:320,0
DA:321,0
DA:323,0
DA:325,0
DA:326,0
DA:327,0
DA:328,0
DA:329,0
DA:330,0
DA:331,0
DA:332,0
DA:333,0
DA:334,0
DA:336,0
DA:337,0
DA:338,0
DA:339,0
DA:341,0
DA:343,0
DA:345,0
DA:347,0
DA:348,0
DA:349,0
DA:350,0
DA:351,0
DA:352,0
DA:362,0
DA:365,0
DA:366,0
DA:367,0
DA:371,0
DA:372,0
DA:375,0
DA:376,0
DA:378,0
DA:379,0
DA:381,0
DA:383,0
DA:384,0
DA:385,0
DA:386,0
DA:387,0
DA:388,0
DA:389,0
DA:390,0
DA:392,0
DA:393,0
DA:395,0
DA:396,0
DA:397,0
DA:398,0
DA:399,0
DA:400,0
DA:401,0
DA:402,0
DA:404,0
DA:405,0
DA:407,0
DA:408,0
DA:409,0
DA:410,0
DA:411,0
DA:412,0
DA:413,0
DA:414,0
DA:416,0
DA:417,0
DA:419,0
DA:420,0
DA:421,0
DA:422,0
DA:423,0
DA:424,0
DA:425,0
DA:426,0
DA:428,0
DA:429,0
DA:430,0
DA:431,0
DA:432,0
DA:433,0
DA:434,0
DA:435,0
DA:436,0
DA:438,0
DA:439,0
DA:442,0
DA:443,0
DA:445,0
DA:446,0
DA:447,0
DA:448,0
DA:449,0
DA:450,0
DA:451,0
DA:453,0
DA:454,0
DA:457,0
DA:458,0
DA:460,0
DA:461,0
DA:462,0
DA:463,0
DA:464,0
DA:465,0
DA:466,0
DA:468,0
DA:469,0
DA:472,0
DA:473,0
DA:475,0
DA:476,0
DA:477,0
DA:478,0
DA:479,0
DA:480,0
DA:481,0
DA:483,0
DA:484,0
DA:487,0
DA:488,0
DA:490,0
DA:491,0
DA:494,0
DA:495,0
DA:496,0
DA:498,0
DA:500,0
DA:501,0
DA:502,0
DA:503,0
DA:504,0
DA:508,0
DA:510,0
DA:511,0
DA:512,0
DA:515,0
DA:517,0
DA:518,0
DA:520,0
DA:521,0
DA:522,0
DA:523,0
DA:526,0
DA:530,0
DA:531,0
DA:533,0
DA:534,0
DA:536,0
DA:538,0
DA:540,0
DA:542,0
DA:546,0
DA:548,0
DA:549,0
DA:550,0
DA:551,0
DA:553,0
DA:556,0
DA:557,0
DA:558,0
DA:559,0
DA:560,0
DA:561,0
DA:563,0
DA:565,0
DA:568,0
DA:569,0
DA:570,0
DA:571,0
DA:572,0
DA:573,0
DA:574,0
DA:579,0
DA:580,0
DA:581,0
DA:582,0
DA:583,0
DA:585,0
DA:586,0
DA:587,0
DA:589,0
DA:590,0
DA:591,0
DA:605,0
DA:607,0
DA:609,0
DA:610,0
DA:611,0
DA:612,0
DA:613,0
DA:614,0
DA:616,0
DA:618,0
DA:619,0
DA:620,0
DA:621,0
DA:622,0
DA:623,0
DA:625,0
DA:636,0
DA:638,0
DA:639,0
DA:642,0
DA:643,0
DA:646,0
DA:649,0
DA:652,0
DA:657,0
DA:659,0
DA:662,0
DA:664,0
DA:667,0
DA:668,0
DA:669,0
DA:671,0
DA:673,0
DA:674,0
DA:677,0
DA:681,0
DA:683,0
DA:685,0
DA:688,0
DA:689,0
DA:690,0
DA:692,0
DA:694,0
DA:695,0
DA:697,0
DA:699,0
DA:700,0
DA:704,0
DA:708,0
DA:711,0
DA:713,0
DA:716,0
DA:717,0
DA:718,0
DA:719,0
DA:720,0
DA:721,0
DA:722,0
DA:725,0
DA:729,0
DA:736,0
DA:739,0
DA:740,0
DA:741,0
DA:742,0
DA:743,0
DA:744,0
DA:745,0
DA:746,0
DA:748,0
DA:750,0
DA:752,0
DA:754,0
DA:755,0
DA:757,0
DA:759,0
DA:760,0
DA:761,0
DA:762,0
DA:766,0
DA:767,0
DA:768,0
DA:770,0
DA:772,0
DA:773,0
DA:776,0
DA:777,0
DA:778,0
DA:780,0
DA:782,0
DA:783,0
DA:784,0
DA:785,0
DA:789,0
DA:790,0
DA:792,0
DA:794,0
DA:797,0
DA:798,0
DA:800,0
DA:801,0
DA:802,0
DA:804,0
DA:807,0
DA:809,0
DA:813,0
DA:821,0
DA:824,0
DA:825,0
DA:827,0
DA:828,0
DA:829,0
DA:830,0
DA:831,0
DA:832,0
DA:833,0
DA:835,0
DA:836,0
DA:837,0
DA:838,0
DA:839,0
DA:842,0
DA:844,0
DA:846,0
DA:847,0
DA:848,0
DA:849,0
DA:851,0
DA:853,0
DA:855,0
DA:859,0
DA:861,0
DA:862,0
DA:864,0
DA:866,0
DA:869,0
DA:870,0
DA:871,0
DA:873,0
DA:875,0
DA:876,0
DA:877,0
DA:879,0
DA:881,0
DA:884,0
DA:895,0
DA:906,0
DA:907,0
DA:909,0
DA:911,0
DA:912,0
DA:913,0
DA:916,0
DA:918,0
DA:920,0
DA:921,0
DA:922,0
DA:926,0
DA:928,0
DA:930,0
DA:931,0
DA:932,0
DA:935,0
DA:946,0
DA:948,0
DA:949,0
DA:950,0
DA:954,0
DA:955,0
DA:958,0
DA:959,0
DA:960,0
DA:962,0
DA:963,0
DA:965,0
DA:967,0
DA:968,0
DA:969,0
DA:970,0
DA:971,0
DA:972,0
DA:973,0
DA:974,0
DA:976,0
DA:977,0
DA:978,0
DA:979,0
DA:980,0
DA:982,0
DA:983,0
DA:984,0
DA:985,0
DA:986,0
DA:987,0
DA:988,0
DA:989,0
DA:990,0
DA:991,0
DA:992,0
DA:994,0
DA:997,0
DA:1000,0
DA:1001,0
DA:1002,0
DA:1003,0
DA:1006,0
DA:1008,0
DA:1010,0
DA:1012,0
DA:1013,0
DA:1014,0
DA:1015,0
DA:1017,0
DA:1019,0
DA:1020,0
DA:1021,0
DA:1022,0
DA:1023,0
DA:1024,0
DA:1026,0
DA:1028,0
DA:1030,0
DA:1031,0
DA:1032,0
DA:1033,0
DA:1034,0
DA:1035,0
DA:1036,0
DA:1037,0
DA:1038,0
DA:1039,0
DA:1040,0
DA:1041,0
DA:1042,0
DA:1043,0
DA:1046,0
DA:1049,0
DA:1055,0
DA:1057,0
DA:1060,0
DA:1061,0
DA:1062,0
DA:1065,0
DA:1066,0
DA:1067,0
DA:1068,0
DA:1069,0
DA:1070,0
DA:1076,0
DA:1078,0
DA:1079,0
DA:1080,0
DA:1087,0
DA:1089,0
DA:1091,0
DA:1093,0
DA:1094,0
DA:1095,0
DA:1096,0
DA:1097,0
DA:1100,0
DA:1111,0
DA:1113,0
DA:1114,0
DA:1125,0
DA:1127,0
DA:1128,0
DA:1135,0
DA:1137,0
DA:1144,0
DA:1147,0
DA:1148,0
DA:1155,0
DA:1157,0
DA:1164,0
DA:1166,0
DA:1173,0
DA:1176,0
DA:1177,0
DA:1184,0
DA:1186,0
DA:1193,0
DA:1195,0
DA:1196,0
DA:1202,0
DA:1205,0
DA:1206,0
DA:1208,0
DA:1209,0
DA:1211,0
DA:1219,0
DA:1221,0
DA:1223,0
DA:1225,0
DA:1228,0
DA:1231,0
DA:1232,0
DA:1233,0
DA:1234,0
DA:1238,0
DA:1244,0
DA:1247,0
DA:1260,0
DA:1262,0
DA:1264,0
DA:1265,0
DA:1267,0
DA:1282,0
DA:1284,0
DA:1288,0
DA:1290,0
DA:1291,0
DA:1292,0
DA:1293,0
DA:1294,0
DA:1295,0
LF:679
LH:0
end_of_record
SF:/mnt/c/Users/7442182/Desktop/School Work/projectx/src/MapData.h
FN:21,_ZN7MapDataD2Ev
FN:21,_ZN7MapDataC2ERKS_
FN:21,_ZN7MapDataaSERKS_
FNDA:0,_ZN7MapDataD2Ev
FNDA:0,_ZN7MapDataC2ERKS_
FNDA:0,_ZN7MapDataaSERKS_
FNF:3
FNH:0
DA:21,0
LF:1
LH:0
end_of_record
SF:/mnt/c/Users/7442182/Desktop/School Work/projectx/src/PositionData.h
FN:19,_ZN12PositionDataC2ERKS_
FN:19,_ZN12PositionDataD2Ev
FN:28,_ZN12PositionDataC2Ev
FNDA:0,_ZN12PositionDataC2ERKS_
FNDA:0,_ZN12PositionDataD2Ev
FNDA:0,_ZN12PositionDataC2Ev
FNF:3
FNH:0
DA:19,0
DA:28,0
LF:2
LH:0
end_of_record
SF:/mnt/c/Users/7442182/Desktop/School Work/projectx/src/attributes.h
FN:21,_ZN10attributesC2Eiiiiiii
FNDA:0,_ZN10attributesC2Eiiiiiii
FNF:1
FNH:0
DA:21,0
DA:22,0
LF:2
LH:0
end_of_record
SF:/mnt/c/Users/7442182/Desktop/School Work/projectx/src/game.h
FN:65,_ZN4Game10getAISpeedEv
FN:66,_ZN4Game11getAniSpeedEv
FN:67,_ZN4Game15getbullet_speedEv
FN:68,_ZN4Game13gettank_speedEv
FNDA:0,_ZN4Game10getAISpeedEv
FNDA:0,_ZN4Game11getAniSpeedEv
FNDA:0,_ZN4Game15getbullet_speedEv
FNDA:0,_ZN4Game13gettank_speedEv
FNF:4
FNH:0
DA:65,0
DA:66,0
DA:67,0
DA:68,0
LF:4
LH:0
end_of_record
TN:
SF:/mnt/c/Users/7442182/Desktop/School Work/projectx/src/Drawable.h
FN:36,_ZN8DrawableC2Ev
FNDA:0,_ZN8DrawableC2Ev
FNF:1
FNH:0
DA:36,0
LF:1
LH:0
end_of_record
SF:/mnt/c/Users/7442182/Desktop/School Work/projectx/src/GameFieldDrawable.cpp
FN:16,_ZN17GameFieldDrawableC2Ev
FN:25,_ZN17GameFieldDrawable4drawEii
FN:59,_Z41__static_initialization_and_destruction_0ii
FN:59,_GLOBAL__sub_I_GameFieldDrawable.cpp
FNDA:0,_ZN17GameFieldDrawableC2Ev
FNDA:0,_ZN17GameFieldDrawable4drawEii
FNDA:0,_Z41__static_initialization_and_destruction_0ii
FNDA:0,_GLOBAL__sub_I_GameFieldDrawable.cpp
FNF:4
FNH:0
DA:16,0
DA:25,0
DA:27,0
DA:30,0
DA:31,0
DA:32,0
DA:33,0
DA:34,0
DA:35,0
DA:36,0
DA:37,0
DA:38,0
DA:39,0
DA:40,0
DA:41,0
DA:42,0
DA:43,0
DA:45,0
DA:46,0
DA:47,0
DA:48,0
DA:49,0
DA:50,0
DA:51,0
DA:52,0
DA:53,0
DA:54,0
DA:55,0
DA:56,0
DA:57,0
DA:58,0
DA:59,0
LF:32
LH:0
end_of_record
TN:
SF:/mnt/c/Users/7442182/Desktop/School Work/projectx/src/main.cpp
FN:57,main
FN:100,_Z41__static_initialization_and_destruction_0ii
FN:100,_GLOBAL__sub_I_main.cpp
FNDA:0,main
FNDA:0,_Z41__static_initialization_and_destruction_0ii
FNDA:0,_GLOBAL__sub_I_main.cpp
FNF:3
FNH:0
DA:57,0
DA:59,0
DA:60,0
DA:61,0
DA:63,0
DA:64,0
DA:65,0
DA:71,0
DA:73,0
DA:75,0
DA:76,0
DA:77,0
DA:79,0
DA:81,0
DA:82,0
DA:84,0
DA:86,0
DA:87,0
DA:89,0
DA:92,0
DA:95,0
DA:97,0
DA:99,0
DA:100,0
LF:24
LH:0
end_of_record
TN:
SF:/mnt/c/Users/7442182/Desktop/School Work/projectx/src/MapData.cpp
FN:8,_ZlsRSoRK7MapData
FN:103,_ZN7MapDataC2Eii
FN:116,_ZN7MapData8printMapESt6vectorIiSaIiEE
FN:127,_Z41__static_initialization_and_destruction_0ii
FN:127,_ZN7MapDataC2Ev
FN:127,_GLOBAL__sub_I_MapData.cpp
FNDA:0,_ZlsRSoRK7MapData
FNDA:0,_ZN7MapDataC2Eii
FNDA:0,_ZN7MapData8printMapESt6vectorIiSaIiEE
FNDA:0,_Z41__static_initialization_and_destruction_0ii
FNDA:0,_ZN7MapDataC2Ev
FNDA:0,_GLOBAL__sub_I_MapData.cpp
FNF:6
FNH:0
DA:8,0
DA:12,0
DA:13,0
DA:14,0
DA:16,0
DA:17,0
DA:19,0
DA:21,0
DA:22,0
DA:23,0
DA:25,0
DA:27,0
DA:28,0
DA:30,0
DA:31,0
DA:33,0
DA:35,0
DA:36,0
DA:38,0
DA:40,0
DA:42,0
DA:44,0
DA:48,0
DA:51,0
DA:52,0
DA:54,0
DA:56,0
DA:58,0
DA:60,0
DA:62,0
DA:64,0
DA:68,0
DA:71,0
DA:72,0
DA:74,0
DA:76,0
DA:78,0
DA:80,0
DA:84,0
DA:87,0
DA:88,0
DA:90,0
DA:92,0
DA:95,0
DA:103,0
DA:105,0
DA:106,0
DA:107,0
DA:108,0
DA:109,0
DA:116,0
DA:117,0
DA:118,0
DA:119,0
DA:120,0
DA:121,0
DA:124,0
DA:127,0
LF:58
LH:0
end_of_record
TN:
SF:/mnt/c/Users/7442182/Desktop/School Work/projectx/src/Drawable.h
FN:36,_ZN8DrawableC2Ev
FN:37,_ZN8DrawableD2Ev
FNDA:0,_ZN8DrawableC2Ev
FNDA:0,_ZN8DrawableD2Ev
FNF:2
FNH:0
DA:36,0
DA:37,0
LF:2
LH:0
end_of_record
SF:/mnt/c/Users/7442182/Desktop/School Work/projectx/src/Menu.cpp
FN:26,_ZN4MenuC2EiiiiNSt7__cxx1112basic_stringIcSt11char_traitsIcESaIcEEE9directionii
FN:83,_ZN4Menu4drawEii
FN:101,_Z8drawIconffjbi
FN:131,_Z8drawAmmoffjbi
FN:157,_Z8drawTankffjbi
FN:193,_ZN4Menu11drawTextBoxEff
FN:220,_ZN4Menu15drawPlayerStatsEv
FN:260,_Z14drawBitmapTextPcff
FN:278,_Z14drawBitmapTurniff
FN:294,_GLOBAL__sub_I_Menu.cpp
FN:294,_Z41__static_initialization_and_destruction_0ii
FNDA:0,_ZN4MenuC2EiiiiNSt7__cxx1112basic_stringIcSt11char_traitsIcESaIcEEE9directionii
FNDA:0,_ZN4Menu4drawEii
FNDA:0,_Z8drawIconffjbi
FNDA:0,_Z8drawAmmoffjbi
FNDA:0,_Z8drawTankffjbi
FNDA:0,_ZN4Menu11drawTextBoxEff
FNDA:0,_ZN4Menu15drawPlayerStatsEv
FNDA:0,_Z14drawBitmapTextPcff
FNDA:0,_Z14drawBitmapTurniff
FNDA:0,_GLOBAL__sub_I_Menu.cpp
FNDA:0,_Z41__static_initialization_and_destruction_0ii
FNF:11
FNH:0
DA:26,0
DA:28,0
DA:31,0
DA:33,0
DA:35,0
DA:37,0
DA:38,0
DA:40,0
DA:42,0
DA:43,0
DA:44,0
DA:45,0
DA:46,0
DA:47,0
DA:48,0
DA:49,0
DA:50,0
DA:51,0
DA:52,0
DA:53,0
DA:55,0
DA:56,0
DA:59,0
DA:60,0
DA:62,0
DA:63,0
DA:64,0
DA:65,0
DA:67,0
DA:68,0
DA:71,0
DA:72,0
DA:74,0
DA:83,0
DA:85,0
DA:86,0
DA:88,0
DA:90,0
DA:91,0
DA:101,0
DA:103,0
DA:104,0
DA:105,0
DA:106,0
DA:107,0
DA:109,0
DA:110,0
DA:111,0
DA:112,0
DA:113,0
DA:114,0
DA:115,0
DA:116,0
DA:117,0
DA:118,0
DA:119,0
DA:120,0
DA:121,0
DA:122,0
DA:123,0
DA:131,0
DA:133,0
DA:134,0
DA:135,0
DA:136,0
DA:137,0
DA:138,0
DA:139,0
DA:140,0
DA:141,0
DA:142,0
DA:143,0
DA:144,0
DA:145,0
DA:146,0
DA:147,0
DA:148,0
DA:149,0
DA:150,0
DA:157,0
DA:159,0
DA:160,0
DA:161,0
DA:162,0
DA:164,0
DA:165,0
DA:166,0
DA:167,0
DA:168,0
DA:169,0
DA:170,0
DA:171,0
DA:172,0
DA:173,0
DA:174,0
DA:175,0
DA:176,0
DA:177,0
DA:178,0
DA:179,0
DA:180,0
DA:181,0
DA:193,0
DA:195,0
DA:196,0
DA:197,0
DA:198,0
DA:199,0
DA:200,0
DA:201,0
DA:202,0
DA:203,0
DA:204,0
DA:205,0
DA:206,0
DA:207,0
DA:208,0
DA:209,0
DA:210,0
DA:211,0
DA:220,0
DA:223,0
DA:227,0
DA:230,0
DA:233,0
DA:235,0
DA:239,0
DA:241,0
DA:245,0
DA:247,0
DA:250,0
DA:251,0
DA:260,0
DA:262,0
DA:264,0
DA:265,0
DA:267,0
DA:268,0
DA:269,0
DA:270,0
DA:278,0
DA:280,0
DA:281,0
DA:282,0
DA:283,0
DA:284,0
DA:285,0
DA:286,0
DA:288,0
DA:289,0
DA:291,0
DA:292,0
DA:293,0
DA:294,0
LF:154
LH:0
end_of_record
TN:
SF:/mnt/c/Users/7442182/Desktop/School Work/projectx/src/Drawable.h
FN:36,_ZN8DrawableC2Ev
FNDA:0,_ZN8DrawableC2Ev
FNF:1
FNH:0
DA:36,0
LF:1
LH:0
end_of_record
SF:/mnt/c/Users/7442182/Desktop/School Work/projectx/src/Obstacles.cpp
FN:18,_ZN9ObstaclesC2Eiffii
FN:59,_ZN9Obstacles4drawEii
FN:102,_ZN9Obstacles6regrowEiSt6vectorI9ActorInfoSaIS1_EE
FN:132,_ZN9Obstacles13set_destroyedEi
FN:134,_GLOBAL__sub_I_Obstacles.cpp
FN:134,_Z41__static_initialization_and_destruction_0ii
FNDA:0,_ZN9ObstaclesC2Eiffii
FNDA:0,_ZN9Obstacles4drawEii
FNDA:0,_ZN9Obstacles6regrowEiSt6vectorI9ActorInfoSaIS1_EE
FNDA:0,_ZN9Obstacles13set_destroyedEi
FNDA:0,_GLOBAL__sub_I_Obstacles.cpp
FNDA:0,_Z41__static_initialization_and_destruction_0ii
FNF:6
FNH:0
DA:18,0
DA:26,0
DA:27,0
DA:28,0
DA:29,0
DA:30,0
DA:31,0
DA:32,0
DA:33,0
DA:34,0
DA:35,0
DA:36,0
DA:37,0
DA:38,0
DA:39,0
DA:40,0
DA:41,0
DA:42,0
DA:43,0
DA:44,0
DA:45,0
DA:46,0
DA:48,0
DA:50,0
DA:59,0
DA:61,0
DA:62,0
DA:63,0
DA:65,0
DA:66,0
DA:67,0
DA:68,0
DA:70,0
DA:71,0
DA:72,0
DA:73,0
DA:74,0
DA:75,0
DA:76,0
DA:77,0
DA:78,0
DA:79,0
DA:81,0
DA:82,0
DA:83,0
DA:84,0
DA:85,0
DA:86,0
DA:87,0
DA:88,0
DA:89,0
DA:90,0
DA:92,0
DA:93,0
DA:94,0
DA:102,0
DA:103,0
DA:104,0
DA:105,0
DA:109,0
DA:110,0
DA:111,0
DA:112,0
DA:113,0
DA:114,0
DA:115,0
DA:117,0
DA:118,0
DA:119,0
DA:120,0
DA:122,0
DA:123,0
DA:132,0
DA:133,0
DA:134,0
LF:75
LH:0
end_of_record
TN:
SF:/mnt/c/Users/7442182/Desktop/School Work/projectx/src/Drawable.h
FN:36,_ZN8DrawableC2Ev
FNDA:0,_ZN8DrawableC2Ev
FNF:1
FNH:0
DA:36,0
LF:1
LH:0
end_of_record
SF:/mnt/c/Users/7442182/Desktop/School Work/projectx/src/Projectile.cpp
FN:20,_ZN10ProjectileC2Eiff9directionbffb
FN:83,_ZN10Projectile4drawEii
FN:128,_GLOBAL__sub_I_Projectile.cpp
FN:128,_Z41__static_initialization_and_destruction_0ii
FNDA:0,_ZN10ProjectileC2Eiff9directionbffb
FNDA:0,_ZN10Projectile4drawEii
FNDA:0,_GLOBAL__sub_I_Projectile.cpp
FNDA:0,_Z41__static_initialization_and_destruction_0ii
FNF:4
FNH:0
DA:20,0
DA:22,0
DA:23,0
DA:24,0
DA:25,0
DA:26,0
DA:27,0
DA:28,0
DA:30,0
DA:32,0
DA:33,0
DA:34,0
DA:36,0
DA:37,0
DA:38,0
DA:40,0
DA:41,0
DA:42,0
DA:44,0
DA:45,0
DA:46,0
DA:48,0
DA:49,0
DA:50,0
DA:52,0
DA:53,0
DA:54,0
DA:56,0
DA:57,0
DA:58,0
DA:60,0
DA:61,0
DA:62,0
DA:63,0
DA:65,0
DA:68,0
DA:69,0
DA:71,0
DA:73,0
DA:83,0
DA:85,0
DA:87,0
DA:88,0
DA:89,0
DA:90,0
DA:92,0
DA:93,0
DA:95,0
DA:96,0
DA:97,0
DA:98,0
DA:99,0
DA:100,0
DA:101,0
DA:102,0
DA:103,0
DA:104,0
DA:105,0
DA:106,0
DA:107,0
DA:109,0
DA:110,0
DA:111,0
DA:112,0
DA:113,0
DA:114,0
DA:115,0
DA:116,0
DA:117,0
DA:118,0
DA:119,0
DA:120,0
DA:121,0
DA:122,0
DA:123,0
DA:124,0
DA:125,0
DA:126,0
DA:128,0
LF:79
LH:0
end_of_record
TN:
SF:/mnt/c/Users/7442182/Desktop/School Work/projectx/src/Actor.h
FN:15,_ZN5ActorC2Ev
FNDA:0,_ZN5ActorC2Ev
FNF:1
FNH:0
DA:15,0
LF:1
LH:0
end_of_record
SF:/mnt/c/Users/7442182/Desktop/School Work/projectx/src/ProjectileActor.cpp
FN:12,_ZN15ProjectileActorC2Ev
FN:24,_ZN15ProjectileActorC2E9direction
FN:32,_ZN15ProjectileActor4moveE7MapData12PositionData
FN:51,_ZN15ProjectileActor6attackE7MapData12PositionData
FN:66,_ZN15ProjectileActor12setAttributeEi10attributes
FN:77,_ZN15ProjectileActor7spendAPE7MapData12PositionData
FNDA:0,_ZN15ProjectileActorC2Ev
FNDA:0,_ZN15ProjectileActorC2E9direction
FNDA:0,_ZN15ProjectileActor4moveE7MapData12PositionData
FNDA:0,_ZN15ProjectileActor6attackE7MapData12PositionData
FNDA:0,_ZN15ProjectileActor12setAttributeEi10attributes
FNDA:0,_ZN15ProjectileActor7spendAPE7MapData12PositionData
FNF:6
FNH:0
DA:12,0
DA:14,0
DA:24,0
DA:32,0
DA:34,0
DA:51,0
DA:53,0
DA:66,0
DA:68,0
DA:69,0
DA:77,0
DA:79,0
LF:12
LH:0
end_of_record
SF:/mnt/c/Users/7442182/Desktop/School Work/projectx/src/ProjectileActor.h
FN:19,_ZN15ProjectileActorD2Ev
FN:19,_ZN15ProjectileActorD0Ev
FNDA:0,_ZN15ProjectileActorD2Ev
FNDA:0,_ZN15ProjectileActorD0Ev
FNF:2
FNH:0
DA:19,0
LF:1
LH:0
end_of_record
SF:/mnt/c/Users/7442182/Desktop/School Work/projectx/src/attributes.h
FN:21,_ZN10attributesC2Eiiiiiii
FNDA:0,_ZN10attributesC2Eiiiiiii
FNF:1
FNH:0
DA:21,0
DA:22,0
LF:2
LH:0
end_of_record
TN:
SF:/mnt/c/Users/7442182/Desktop/School Work/projectx/src/Drawable.h
FN:36,_ZN8DrawableC2Ev
FNDA:0,_ZN8DrawableC2Ev
FNF:1
FNH:0
DA:36,0
LF:1
LH:0
end_of_record
SF:/mnt/c/Users/7442182/Desktop/School Work/projectx/src/sfxDrawable.cpp
FN:21,_ZN11sfxDrawableC2Eff
FN:37,_ZN11sfxDrawable4drawEii
FN:63,_Z41__static_initialization_and_destruction_0ii
FN:63,_GLOBAL__sub_I_sfxDrawable.cpp
FNDA:0,_ZN11sfxDrawableC2Eff
FNDA:0,_ZN11sfxDrawable4drawEii
FNDA:0,_Z41__static_initialization_and_destruction_0ii
FNDA:0,_GLOBAL__sub_I_sfxDrawable.cpp
FNF:4
FNH:0
DA:21,0
DA:23,0
DA:24,0
DA:27,0
DA:28,0
DA:37,0
DA:39,0
DA:40,0
DA:41,0
DA:43,0
DA:44,0
DA:45,0
DA:46,0
DA:47,0
DA:48,0
DA:50,0
DA:51,0
DA:52,0
DA:53,0
DA:54,0
DA:55,0
DA:56,0
DA:57,0
DA:58,0
DA:59,0
DA:61,0
DA:62,0
DA:63,0
LF:28
LH:0
end_of_record
TN:
SF:/mnt/c/Users/7442182/Desktop/School Work/projectx/src/Drawable.h
FN:36,_ZN8DrawableC2Ev
FNDA:0,_ZN8DrawableC2Ev
FNF:1
FNH:0
DA:36,0
LF:1
LH:0
end_of_record
SF:/mnt/c/Users/7442182/Desktop/School Work/projectx/src/TankDrawable.cpp
FN:21,_ZN12TankDrawableC2Eiff9directioniiffb
FN:99,_ZN12TankDrawable4drawEii
FN:239,_ZN12TankDrawable9setHealthEi
FN:245,_Z41__static_initialization_and_destruction_0ii
FN:245,_ZN12TankDrawable13setMax_healthEi
FN:245,_GLOBAL__sub_I_TankDrawable.cpp
FNDA:0,_ZN12TankDrawableC2Eiff9directioniiffb
FNDA:0,_ZN12TankDrawable4drawEii
FNDA:0,_ZN12TankDrawable9setHealthEi
FNDA:0,_Z41__static_initialization_and_destruction_0ii
FNDA:0,_ZN12TankDrawable13setMax_healthEi
FNDA:0,_GLOBAL__sub_I_TankDrawable.cpp
FNF:6
FNH:0
DA:21,0
DA:23,0
DA:24,0
DA:25,0
DA:26,0
DA:27,0
DA:28,0
DA:29,0
DA:30,0
DA:37,0
DA:38,0
DA:40,0
DA:42,0
DA:44,0
DA:45,0
DA:47,0
DA:49,0
DA:50,0
DA:52,0
DA:53,0
DA:55,0
DA:56,0
DA:58,0
DA:59,0
DA:61,0
DA:62,0
DA:64,0
DA:65,0
DA:67,0
DA:68,0
DA:70,0
DA:71,0
DA:73,0
DA:74,0
DA:76,0
DA:78,0
DA:79,0
DA:81,0
DA:83,0
DA:84,0
DA:85,0
DA:88,0
DA:89,0
DA:90,0
DA:99,0
DA:101,0
DA:102,0
DA:103,0
DA:105,0
DA:106,0
DA:107,0
DA:108,0
DA:109,0
DA:110,0
DA:112,0
DA:113,0
DA:115,0
DA:116,0
DA:117,0
DA:118,0
DA:119,0
DA:120,0
DA:121,0
DA:122,0
DA:123,0
DA:124,0
DA:126,0
DA:127,0
DA:128,0
DA:129,0
DA:130,0
DA:131,0
DA:133,0
DA:134,0
DA:135,0
DA:136,0
DA:137,0
DA:138,0
DA:139,0
DA:140,0
DA:141,0
DA:142,0
DA:143,0
DA:145,0
DA:146,0
DA:147,0
DA:148,0
DA:149,0
DA:150,0
DA:151,0
DA:152,0
DA:153,0
DA:154,0
DA:155,0
DA:158,0
DA:159,0
DA:160,0
DA:161,0
DA:162,0
DA:163,0
DA:164,0
DA:165,0
DA:166,0
DA:167,0
DA:168,0
DA:169,0
DA:171,0
DA:172,0
DA:173,0
DA:174,0
DA:175,0
DA:176,0
DA:177,0
DA:178,0
DA:179,0
DA:180,0
DA:181,0
DA:185,0
DA:186,0
DA:187,0
DA:188,0
DA:189,0
DA:190,0
DA:194,0
DA:195,0
DA:196,0
DA:197,0
DA:198,0
DA:199,0
DA:200,0
DA:201,0
DA:202,0
DA:203,0
DA:206,0
DA:207,0
DA:208,0
DA:209,0
DA:210,0
DA:211,0
DA:212,0
DA:213,0
DA:214,0
DA:215,0
DA:218,0
DA:219,0
DA:220,0
DA:221,0
DA:222,0
DA:223,0
DA:224,0
DA:225,0
DA:226,0
DA:227,0
DA:231,0
DA:232,0
DA:233,0
DA:239,0
DA:245,0
LF:158
LH:0
end_of_record
TN:
SF:/mnt/c/Users/7442182/Desktop/School Work/projectx/src/Texture.cpp
FN:32,_Z14LoadGLTexturesSt6vectorINSt7__cxx1112basic_stringIcSt11char_traitsIcESaIcEEESaIS5_EES7_S7_S7_S7_S7_b
FN:236,_Z41__static_initialization_and_destruction_0ii
FN:236,_GLOBAL__sub_I_Texture.cpp
FNDA:0,_Z14LoadGLTexturesSt6vectorINSt7__cxx1112basic_stringIcSt11char_traitsIcESaIcEEESaIS5_EES7_S7_S7_S7_S7_b
FNDA:0,_Z41__static_initialization_and_destruction_0ii
FNDA:0,_GLOBAL__sub_I_Texture.cpp
FNF:3
FNH:0
DA:20,0
DA:21,0
DA:22,0
DA:23,0
DA:24,0
DA:32,0
DA:37,0
DA:38,0
DA:39,0
DA:41,0
DA:42,0
DA:43,0
DA:44,0
DA:50,0
DA:51,0
DA:54,0
DA:57,0
DA:58,0
DA:60,0
DA:62,0
DA:63,0
DA:64,0
DA:65,0
DA:71,0
DA:72,0
DA:74,0
DA:76,0
DA:77,0
DA:79,0
DA:81,0
DA:82,0
DA:83,0
DA:84,0
DA:90,0
DA:91,0
DA:93,0
DA:95,0
DA:96,0
DA:98,0
DA:100,0
DA:101,0
DA:102,0
DA:103,0
DA:109,0
DA:110,0
DA:112,0
DA:114,0
DA:115,0
DA:117,0
DA:119,0
DA:120,0
DA:121,0
DA:122,0
DA:128,0
DA:129,0
DA:131,0
DA:133,0
DA:134,0
DA:136,0
DA:138,0
DA:139,0
DA:140,0
DA:141,0
DA:147,0
DA:148,0
DA:150,0
DA:152,0
DA:153,0
DA:155,0
DA:157,0
DA:158,0
DA:159,0
DA:160,0
DA:166,0
DA:167,0
DA:169,0
DA:172,0
DA:173,0
DA:175,0
DA:177,0
DA:178,0
DA:179,0
DA:180,0
DA:186,0
DA:187,0
DA:189,0
DA:193,0
DA:194,0
DA:196,0
DA:198,0
DA:199,0
DA:200,0
DA:201,0
DA:207,0
DA:208,0
DA:210,0
DA:214,0
DA:215,0
DA:217,0
DA:219,0
DA:220,0
DA:221,0
DA:222,0
DA:228,0
DA:229,0
DA:230,0
DA:232,0
DA:233,0
DA:234,0
DA:235,0
DA:236,0
LF:111
LH:0
end_of_record
TN:
SF:/mnt/c/Users/7442182/Desktop/School Work/projectx/src/util.cpp
FN:15,_Z14utilityCentral8gameModeP5Event
FN:45,_Z10initOpenGLiPPcii8gameMode
FN:84,_Z41__static_initialization_and_destruction_0ii
FN:84,_GLOBAL__sub_I_util.cpp
FNDA:0,_Z14utilityCentral8gameModeP5Event
FNDA:0,_Z10initOpenGLiPPcii8gameMode
FNDA:0,_Z41__static_initialization_and_destruction_0ii
FNDA:0,_GLOBAL__sub_I_util.cpp
FNF:4
FNH:0
DA:15,0
DA:18,0
DA:19,0
DA:20,0
DA:22,0
DA:25,0
DA:27,0
DA:29,0
DA:30,0
DA:45,0
DA:47,0
DA:49,0
DA:51,0
DA:53,0
DA:55,0
DA:57,0
DA:59,0
DA:61,0
DA:63,0
DA:65,0
DA:67,0
DA:69,0
DA:71,0
DA:73,0
DA:75,0
DA:77,0
DA:79,0
DA:81,0
DA:83,0
DA:84,0
LF:30
LH:0
end_of_record
